INFO: [VRFC 10-163] Analyzing VHDL file "/home/oliver/Desktop/ece532/lab/lab/lab5_try2/lab5_try2.ip_user_files/bd/design_1/ip/design_1_microblaze_0_0/sim/design_1_microblaze_0_0.vhd" into library xil_defaultlib
INFO: [VRFC 10-307] analyzing entity design_1_microblaze_0_0
INFO: [VRFC 10-163] Analyzing VHDL file "/home/oliver/Desktop/ece532/lab/lab/lab5_try2/lab5_try2.ip_user_files/bd/design_1/ip/design_1_microblaze_0_axi_intc_0/sim/design_1_microblaze_0_axi_intc_0.vhd" into library xil_defaultlib
INFO: [VRFC 10-307] analyzing entity design_1_microblaze_0_axi_intc_0
INFO: [VRFC 10-163] Analyzing VHDL file "/home/oliver/Desktop/ece532/lab/lab/lab5_try2/lab5_try2.ip_user_files/bd/design_1/ip/design_1_mdm_1_0/sim/design_1_mdm_1_0.vhd" into library xil_defaultlib
INFO: [VRFC 10-307] analyzing entity design_1_mdm_1_0
INFO: [VRFC 10-163] Analyzing VHDL file "/home/oliver/Desktop/ece532/lab/lab/lab5_try2/lab5_try2.ip_user_files/bd/design_1/ip/design_1_rst_clk_wiz_1_100M_0/sim/design_1_rst_clk_wiz_1_100M_0.vhd" into library xil_defaultlib
INFO: [VRFC 10-307] analyzing entity design_1_rst_clk_wiz_1_100M_0
INFO: [VRFC 10-163] Analyzing VHDL file "/home/oliver/Desktop/ece532/lab/lab/lab5_try2/lab5_try2.ip_user_files/bd/design_1/ip/design_1_mii_to_rmii_0_0/sim/design_1_mii_to_rmii_0_0.vhd" into library xil_defaultlib
INFO: [VRFC 10-307] analyzing entity design_1_mii_to_rmii_0_0
INFO: [VRFC 10-163] Analyzing VHDL file "/home/oliver/Desktop/ece532/lab/lab/lab5_try2/lab5_try2.ip_user_files/bd/design_1/ip/design_1_axi_uartlite_0_0/sim/design_1_axi_uartlite_0_0.vhd" into library xil_defaultlib
INFO: [VRFC 10-307] analyzing entity design_1_axi_uartlite_0_0
INFO: [VRFC 10-163] Analyzing VHDL file "/home/oliver/Desktop/ece532/lab/lab/lab5_try2/lab5_try2.ip_user_files/bd/design_1/ip/design_1_axi_timer_0_0/sim/design_1_axi_timer_0_0.vhd" into library xil_defaultlib
INFO: [VRFC 10-307] analyzing entity design_1_axi_timer_0_0
INFO: [VRFC 10-163] Analyzing VHDL file "/home/oliver/Desktop/ece532/lab/lab/lab5_try2/lab5_try2.ip_user_files/bd/design_1/ip/design_1_axi_ethernetlite_0_0/sim/design_1_axi_ethernetlite_0_0.vhd" into library xil_defaultlib
INFO: [VRFC 10-307] analyzing entity design_1_axi_ethernetlite_0_0
INFO: [VRFC 10-163] Analyzing VHDL file "/home/oliver/Desktop/ece532/lab/lab/lab5_try2/lab5_try2.ip_user_files/bd/design_1/ip/design_1_axi_smc_0/bd_0/ip/ip_1/sim/bd_afc3_psr0_0.vhd" into library xil_defaultlib
INFO: [VRFC 10-307] analyzing entity bd_afc3_psr0_0
INFO: [VRFC 10-163] Analyzing VHDL file "/home/oliver/Desktop/ece532/lab/lab/lab5_try2/lab5_try2.ip_user_files/bd/design_1/ip/design_1_axi_smc_0/bd_0/ip/ip_2/sim/bd_afc3_psr_aclk_0.vhd" into library xil_defaultlib
INFO: [VRFC 10-307] analyzing entity bd_afc3_psr_aclk_0
INFO: [VRFC 10-163] Analyzing VHDL file "/home/oliver/Desktop/ece532/lab/lab/lab5_try2/lab5_try2.ip_user_files/bd/design_1/ip/design_1_axi_smc_0/bd_0/ip/ip_3/sim/bd_afc3_psr_aclk1_0.vhd" into library xil_defaultlib
INFO: [VRFC 10-307] analyzing entity bd_afc3_psr_aclk1_0
INFO: [VRFC 10-163] Analyzing VHDL file "/home/oliver/Desktop/ece532/lab/lab/lab5_try2/lab5_try2.ip_user_files/bd/design_1/ip/design_1_rst_mig_7series_0_81M_0/sim/design_1_rst_mig_7series_0_81M_0.vhd" into library xil_defaultlib
INFO: [VRFC 10-307] analyzing entity design_1_rst_mig_7series_0_81M_0
INFO: [VRFC 10-163] Analyzing VHDL file "/home/oliver/Desktop/ece532/lab/lab/lab5_try2/lab5_try2.ip_user_files/bd/design_1/ip/design_1_dlmb_v10_0/sim/design_1_dlmb_v10_0.vhd" into library xil_defaultlib
INFO: [VRFC 10-307] analyzing entity design_1_dlmb_v10_0
INFO: [VRFC 10-163] Analyzing VHDL file "/home/oliver/Desktop/ece532/lab/lab/lab5_try2/lab5_try2.ip_user_files/bd/design_1/ip/design_1_ilmb_v10_0/sim/design_1_ilmb_v10_0.vhd" into library xil_defaultlib
INFO: [VRFC 10-307] analyzing entity design_1_ilmb_v10_0
INFO: [VRFC 10-163] Analyzing VHDL file "/home/oliver/Desktop/ece532/lab/lab/lab5_try2/lab5_try2.ip_user_files/bd/design_1/ip/design_1_dlmb_bram_if_cntlr_0/sim/design_1_dlmb_bram_if_cntlr_0.vhd" into library xil_defaultlib
INFO: [VRFC 10-307] analyzing entity design_1_dlmb_bram_if_cntlr_0
INFO: [VRFC 10-163] Analyzing VHDL file "/home/oliver/Desktop/ece532/lab/lab/lab5_try2/lab5_try2.ip_user_files/bd/design_1/ip/design_1_ilmb_bram_if_cntlr_0/sim/design_1_ilmb_bram_if_cntlr_0.vhd" into library xil_defaultlib
INFO: [VRFC 10-307] analyzing entity design_1_ilmb_bram_if_cntlr_0
INFO: [VRFC 10-163] Analyzing VHDL file "/home/oliver/Desktop/ece532/lab/lab/lab5_try2/lab5_try2.ip_user_files/bd/design_1/ip/design_1_axi_gpio_0_0/sim/design_1_axi_gpio_0_0.vhd" into library xil_defaultlib
INFO: [VRFC 10-307] analyzing entity design_1_axi_gpio_0_0
INFO: [VRFC 10-163] Analyzing VHDL file "/home/oliver/Desktop/ece532/lab/lab/lab5_try2/lab5_try2.ip_user_files/bd/design_1/ip/design_1_axi_gpio_BTNR_0/sim/design_1_axi_gpio_BTNR_0.vhd" into library xil_defaultlib
INFO: [VRFC 10-307] analyzing entity design_1_axi_gpio_BTNR_0
INFO: [VRFC 10-163] Analyzing VHDL file "/home/oliver/Desktop/ece532/lab/lab/lab5_try2/lab5_try2.ip_user_files/bd/design_1/ip/design_1_axi_gpio_LED_0/sim/design_1_axi_gpio_LED_0.vhd" into library xil_defaultlib
INFO: [VRFC 10-307] analyzing entity design_1_axi_gpio_LED_0
INFO: [VRFC 10-163] Analyzing VHDL file "/home/oliver/Desktop/ece532/lab/lab/lab5_try2/lab5_try2.ip_user_files/bd/design_1/ip/design_1_axi_timer_0_1/sim/design_1_axi_timer_0_1.vhd" into library xil_defaultlib
INFO: [VRFC 10-307] analyzing entity design_1_axi_timer_0_1
INFO: [VRFC 10-163] Analyzing VHDL file "/home/oliver/Desktop/ece532/lab/lab/lab5_try2/lab5_try2.ip_user_files/bd/design_1/ip/design_1_axi_gpio_LED_1/sim/design_1_axi_gpio_LED_1.vhd" into library xil_defaultlib
INFO: [VRFC 10-307] analyzing entity design_1_axi_gpio_LED_1
INFO: [VRFC 10-163] Analyzing VHDL file "/home/oliver/Desktop/ece532/lab/lab/lab5_try2/lab5_try2.ip_user_files/bd/design_1/ip/design_1_axi_iic_0_0/sim/design_1_axi_iic_0_0.vhd" into library xil_defaultlib
INFO: [VRFC 10-307] analyzing entity design_1_axi_iic_0_0
INFO: [VRFC 10-163] Analyzing VHDL file "/home/oliver/Desktop/ece532/lab/lab/lab5_try2/lab5_try2.ip_user_files/bd/design_1/ip/design_1_PmodALS_0_0/src/PmodALS_axi_quad_spi_0_0/sim/PmodALS_axi_quad_spi_0_0.vhd" into library xil_defaultlib
INFO: [VRFC 10-307] analyzing entity PmodALS_axi_quad_spi_0_0
