14:41:41 **** Auto Build of project myserver_bsp ****
make -k all 
Running Make include in design_1_i_microblaze_0/libsrc/cpu_v2_6/src
make -C design_1_i_microblaze_0/libsrc/cpu_v2_6/src -s include  "SHELL=/bin/sh" "COMPILER=mb-gcc" "ARCHIVER=mb-ar" "COMPILER_FLAGS= -O2 -c -mcpu=v10.0 -mlittle-endian -mxl-soft-mul" "EXTRA_COMPILER_FLAGS=-ffunction-sections -fdata-sections -Wall -Wextra"
Running Make include in design_1_i_microblaze_0/libsrc/emaclite_v4_3/src
make -C design_1_i_microblaze_0/libsrc/emaclite_v4_3/src -s include  "SHELL=/bin/sh" "COMPILER=mb-gcc" "ARCHIVER=mb-ar" "COMPILER_FLAGS= -O2 -c -mcpu=v10.0 -mlittle-endian -mxl-soft-mul" "EXTRA_COMPILER_FLAGS=-ffunction-sections -fdata-sections -Wall -Wextra"
Running Make include in design_1_i_microblaze_0/libsrc/uartlite_v3_2/src
make -C design_1_i_microblaze_0/libsrc/uartlite_v3_2/src -s include  "SHELL=/bin/sh" "COMPILER=mb-gcc" "ARCHIVER=mb-ar" "COMPILER_FLAGS= -O2 -c -mcpu=v10.0 -mlittle-endian -mxl-soft-mul" "EXTRA_COMPILER_FLAGS=-ffunction-sections -fdata-sections -Wall -Wextra"
Running Make include in design_1_i_microblaze_0/libsrc/bram_v4_2/src
make -C design_1_i_microblaze_0/libsrc/bram_v4_2/src -s include  "SHELL=/bin/sh" "COMPILER=mb-gcc" "ARCHIVER=mb-ar" "COMPILER_FLAGS= -O2 -c -mcpu=v10.0 -mlittle-endian -mxl-soft-mul" "EXTRA_COMPILER_FLAGS=-ffunction-sections -fdata-sections -Wall -Wextra"
Running Make include in design_1_i_microblaze_0/libsrc/standalone_v6_6/src
make -C design_1_i_microblaze_0/libsrc/standalone_v6_6/src -s include  "SHELL=/bin/sh" "COMPILER=mb-gcc" "ARCHIVER=mb-ar" "COMPILER_FLAGS= -O2 -c -mcpu=v10.0 -mlittle-endian -mxl-soft-mul" "EXTRA_COMPILER_FLAGS=-ffunction-sections -fdata-sections -Wall -Wextra"
Running Make include in design_1_i_microblaze_0/libsrc/intc_v3_7/src
make -C design_1_i_microblaze_0/libsrc/intc_v3_7/src -s include  "SHELL=/bin/sh" "COMPILER=mb-gcc" "ARCHIVER=mb-ar" "COMPILER_FLAGS= -O2 -c -mcpu=v10.0 -mlittle-endian -mxl-soft-mul" "EXTRA_COMPILER_FLAGS=-ffunction-sections -fdata-sections -Wall -Wextra"
Running Make include in design_1_i_microblaze_0/libsrc/lwip211_v1_1/src
make -C design_1_i_microblaze_0/libsrc/lwip211_v1_1/src -s include  "SHELL=/bin/sh" "COMPILER=mb-gcc" "ARCHIVER=mb-ar" "COMPILER_FLAGS= -O2 -c -mcpu=v10.0 -mlittle-endian -mxl-soft-mul" "EXTRA_COMPILER_FLAGS=-ffunction-sections -fdata-sections -Wall -Wextra"
Running Make include in design_1_i_microblaze_0/libsrc/tmrctr_v4_4/src
make -C design_1_i_microblaze_0/libsrc/tmrctr_v4_4/src -s include  "SHELL=/bin/sh" "COMPILER=mb-gcc" "ARCHIVER=mb-ar" "COMPILER_FLAGS= -O2 -c -mcpu=v10.0 -mlittle-endian -mxl-soft-mul" "EXTRA_COMPILER_FLAGS=-ffunction-sections -fdata-sections -Wall -Wextra"
Running Make include in design_1_i_microblaze_0/libsrc/mydecisionslave_v1_0/src
make -C design_1_i_microblaze_0/libsrc/mydecisionslave_v1_0/src -s include  "SHELL=/bin/sh" "COMPILER=mb-gcc" "ARCHIVER=mb-ar" "COMPILER_FLAGS= -O2 -c -mcpu=v10.0 -mlittle-endian -mxl-soft-mul" "EXTRA_COMPILER_FLAGS=-ffunction-sections -fdata-sections -Wall -Wextra"
Running Make libs in design_1_i_microblaze_0/libsrc/cpu_v2_6/src
make -C design_1_i_microblaze_0/libsrc/cpu_v2_6/src -s libs  "SHELL=/bin/sh" "COMPILER=mb-gcc" "ARCHIVER=mb-ar" "COMPILER_FLAGS= -O2 -c -mcpu=v10.0 -mlittle-endian -mxl-soft-mul" "EXTRA_COMPILER_FLAGS=-ffunction-sections -fdata-sections -Wall -Wextra"
Compiling cpu
mb-ar: creating ../../../lib/libxil.a
Running Make libs in design_1_i_microblaze_0/libsrc/emaclite_v4_3/src
make -C design_1_i_microblaze_0/libsrc/emaclite_v4_3/src -s libs  "SHELL=/bin/sh" "COMPILER=mb-gcc" "ARCHIVER=mb-ar" "COMPILER_FLAGS= -O2 -c -mcpu=v10.0 -mlittle-endian -mxl-soft-mul" "EXTRA_COMPILER_FLAGS=-ffunction-sections -fdata-sections -Wall -Wextra"
Compiling emaclite
Running Make libs in design_1_i_microblaze_0/libsrc/uartlite_v3_2/src
make -C design_1_i_microblaze_0/libsrc/uartlite_v3_2/src -s libs  "SHELL=/bin/sh" "COMPILER=mb-gcc" "ARCHIVER=mb-ar" "COMPILER_FLAGS= -O2 -c -mcpu=v10.0 -mlittle-endian -mxl-soft-mul" "EXTRA_COMPILER_FLAGS=-ffunction-sections -fdata-sections -Wall -Wextra"
Compiling uartlite
Running Make libs in design_1_i_microblaze_0/libsrc/bram_v4_2/src
make -C design_1_i_microblaze_0/libsrc/bram_v4_2/src -s libs  "SHELL=/bin/sh" "COMPILER=mb-gcc" "ARCHIVER=mb-ar" "COMPILER_FLAGS= -O2 -c -mcpu=v10.0 -mlittle-endian -mxl-soft-mul" "EXTRA_COMPILER_FLAGS=-ffunction-sections -fdata-sections -Wall -Wextra"
Compiling bram
Running Make libs in design_1_i_microblaze_0/libsrc/standalone_v6_6/src
make -C design_1_i_microblaze_0/libsrc/standalone_v6_6/src -s libs  "SHELL=/bin/sh" "COMPILER=mb-gcc" "ARCHIVER=mb-ar" "COMPILER_FLAGS= -O2 -c -mcpu=v10.0 -mlittle-endian -mxl-soft-mul" "EXTRA_COMPILER_FLAGS=-ffunction-sections -fdata-sections -Wall -Wextra"
Compiling standalone
microblaze_sleep.c:74:9: note: #pragma message: For the sleep routines, assembly instructions are used
 #pragma message ("For the sleep routines, assembly instructions are used")
         ^~~~~~~
Running Make libs in design_1_i_microblaze_0/libsrc/intc_v3_7/src
make -C design_1_i_microblaze_0/libsrc/intc_v3_7/src -s libs  "SHELL=/bin/sh" "COMPILER=mb-gcc" "ARCHIVER=mb-ar" "COMPILER_FLAGS= -O2 -c -mcpu=v10.0 -mlittle-endian -mxl-soft-mul" "EXTRA_COMPILER_FLAGS=-ffunction-sections -fdata-sections -Wall -Wextra"
Compiling intc
Running Make libs in design_1_i_microblaze_0/libsrc/lwip211_v1_1/src
make -C design_1_i_microblaze_0/libsrc/lwip211_v1_1/src -s libs  "SHELL=/bin/sh" "COMPILER=mb-gcc" "ARCHIVER=mb-ar" "COMPILER_FLAGS= -O2 -c -mcpu=v10.0 -mlittle-endian -mxl-soft-mul" "EXTRA_COMPILER_FLAGS=-ffunction-sections -fdata-sections -Wall -Wextra"
Compiling lwip src and adapter files
contrib/ports/xilinx/netif/xadapter.c: In function 'eth_link_detect':
contrib/ports/xilinx/netif/xadapter.c:364:8: warning: unused variable 'link_speed' [-Wunused-variable]
  u32_t link_speed, phy_link_status;
        ^~~~~~~~~~
Running Make libs in design_1_i_microblaze_0/libsrc/tmrctr_v4_4/src
make -C design_1_i_microblaze_0/libsrc/tmrctr_v4_4/src -s libs  "SHELL=/bin/sh" "COMPILER=mb-gcc" "ARCHIVER=mb-ar" "COMPILER_FLAGS= -O2 -c -mcpu=v10.0 -mlittle-endian -mxl-soft-mul" "EXTRA_COMPILER_FLAGS=-ffunction-sections -fdata-sections -Wall -Wextra"
Compiling tmrctr
Running Make libs in design_1_i_microblaze_0/libsrc/mydecisionslave_v1_0/src
make -C design_1_i_microblaze_0/libsrc/mydecisionslave_v1_0/src -s libs  "SHELL=/bin/sh" "COMPILER=mb-gcc" "ARCHIVER=mb-ar" "COMPILER_FLAGS= -O2 -c -mcpu=v10.0 -mlittle-endian -mxl-soft-mul" "EXTRA_COMPILER_FLAGS=-ffunction-sections -fdata-sections -Wall -Wextra"
Compiling mydecisionslave...
mydecisionslave_selftest.c: In function 'MYDECISIONSLAVE_Reg_SelfTest':
mydecisionslave_selftest.c:52:64: warning: comparison between signed and unsigned integer expressions [-Wsign-compare]
    if ( MYDECISIONSLAVE_mReadReg (baseaddr, read_loop_index*4) != (read_loop_index+1)*READ_WRITE_MUL_FACTOR){
                                                                ^~
mydecisionslave_selftest.c:36:6: warning: unused variable 'Index' [-Wunused-variable]
  int Index;
      ^~~~~
Finished building libraries

14:41:47 Build Finished (took 6s.631ms)

