14:15:42 INFO  : Registering command handlers for SDK TCF services
14:15:43 INFO  : Launching XSCT server: xsct -n -interactive /home/oliver/Desktop/ece532/lab/lab/lab5_try2/lab5_try2.sdk/temp_xsdb_launch_script.tcl
14:15:46 INFO  : XSCT server has started successfully.
14:15:47 INFO  : Successfully done setting XSCT server connection channel  
14:15:47 INFO  : Successfully done setting SDK workspace  
14:15:47 INFO  : Processing command line option -hwspec /home/oliver/Desktop/ece532/lab/lab/lab5_try2/lab5_try2.sdk/mytop.hdf.
14:24:32 INFO  : Refreshed build settings on project myserver
14:27:03 INFO  : Registering command handlers for SDK TCF services
14:27:04 INFO  : Launching XSCT server: xsct -n -interactive /home/oliver/Desktop/ece532/lab/lab/lab5_try2/lab5_try2.sdk/temp_xsdb_launch_script.tcl
14:27:06 INFO  : XSCT server has started successfully.
14:27:06 INFO  : Successfully done setting XSCT server connection channel  
14:27:06 INFO  : Successfully done setting SDK workspace  
14:27:06 INFO  : Processing command line option -hwspec /home/oliver/Desktop/ece532/lab/lab/lab5_try2/lab5_try2.sdk/mytop.hdf.
14:27:06 INFO  : Checking for hwspec changes in the project mytop_hw_platform_1.
14:29:22 INFO  : 'targets -set -filter {jtag_cable_name =~ "Digilent Nexys4DDR 210292646181A" && level==0} -index 0' command is executed.
14:29:22 INFO  : 'fpga -state' command is executed.
14:29:22 INFO  : Connected to target on host '127.0.0.1' and port '3121'.
14:29:22 INFO  : Jtag cable 'Digilent Nexys4DDR 210292646181A' is selected.
14:29:22 INFO  : 'jtag frequency' command is executed.
14:29:22 INFO  : 'configparams mdm-detect-bscan-mask 2' command is executed.
14:29:22 INFO  : ----------------XSDB Script----------------
connect -url tcp:127.0.0.1:3121
configparams mdm-detect-bscan-mask 2
----------------End of Script----------------

14:29:22 INFO  : Memory regions updated for context MicroBlaze #0
14:29:22 INFO  : Memory regions updated for context MicroBlaze #0
14:29:22 INFO  : Launch script is exported to file '/home/oliver/Desktop/ece532/lab/lab/lab5_try2/lab5_try2.sdk/.sdk/launch_scripts/xilinx_c-c++_application_(system_debugger)/system_debugger_on_local.tcl'
14:35:51 INFO  : No changes in MSS file content so not generating sources.
14:46:29 INFO  : Refreshed build settings on project test_net
14:47:53 INFO  : Disconnected from the channel tcfchan#1.
14:48:46 INFO  : Registering command handlers for SDK TCF services
14:48:47 INFO  : Launching XSCT server: xsct -n -interactive /home/oliver/Desktop/ece532/lab/lab/lab5_try2/lab5_try2.sdk/temp_xsdb_launch_script.tcl
14:48:50 INFO  : XSCT server has started successfully.
14:48:50 INFO  : Successfully done setting XSCT server connection channel  
14:48:50 INFO  : Processing command line option -hwspec /home/oliver/Desktop/ece532/lab/lab/lab5_try2/lab5_try2.sdk/mytop.hdf.
14:48:55 INFO  : Successfully done setting SDK workspace  
14:48:55 INFO  : Checking for hwspec changes in the project mytop_hw_platform_1.
14:50:20 INFO  : Launching XSCT server: xsct -n -interactive /home/oliver/Desktop/ece532/lab/lab/lab5_try2/lab5_try2.sdk/temp_xsdb_launch_script.tcl
14:50:22 INFO  : XSCT server has started successfully.
14:50:27 INFO  : Successfully done setting XSCT server connection channel  
14:50:27 INFO  : Successfully done setting SDK workspace  
14:50:28 INFO  : Registering command handlers for SDK TCF services
14:50:30 INFO  : Processing command line option -hwspec /home/oliver/Desktop/ece532/lab/lab/lab5_try2/lab5_try2.sdk/mytop.hdf.
14:50:31 INFO  : Checking for hwspec changes in the project mytop_hw_platform_1.
14:52:38 INFO  : 'targets -set -filter {jtag_cable_name =~ "Digilent Nexys4DDR 210292646181A" && level==0} -index 0' command is executed.
14:52:38 INFO  : 'fpga -state' command is executed.
14:52:38 INFO  : Connected to target on host '127.0.0.1' and port '3121'.
14:52:38 INFO  : Jtag cable 'Digilent Nexys4DDR 210292646181A' is selected.
14:52:38 INFO  : 'jtag frequency' command is executed.
14:52:38 INFO  : 'configparams mdm-detect-bscan-mask 2' command is executed.
14:52:38 INFO  : Context for processor 'design_1_i_microblaze_0' is selected.
14:52:39 INFO  : The application '/home/oliver/Desktop/ece532/lab/lab/lab5_try2/lab5_try2.sdk/test_net/Debug/test_net.elf' is downloaded to processor 'design_1_i_microblaze_0'.
14:52:39 INFO  : ----------------XSDB Script----------------
connect -url tcp:127.0.0.1:3121
configparams mdm-detect-bscan-mask 2
targets -set -nocase -filter {name =~ "microblaze*#0" && bscan=="USER2"  && jtag_cable_name =~ "Digilent Nexys4DDR 210292646181A"} -index 0
dow /home/oliver/Desktop/ece532/lab/lab/lab5_try2/lab5_try2.sdk/test_net/Debug/test_net.elf
----------------End of Script----------------

14:52:39 INFO  : Memory regions updated for context MicroBlaze #0
14:52:39 INFO  : Memory regions updated for context MicroBlaze #0
14:52:39 INFO  : Context for processor 'design_1_i_microblaze_0' is selected.
14:52:39 INFO  : 'con' command is executed.
14:52:39 INFO  : ----------------XSDB Script (After Launch)----------------
targets -set -nocase -filter {name =~ "microblaze*#0" && bscan=="USER2"  && jtag_cable_name =~ "Digilent Nexys4DDR 210292646181A"} -index 0
con
----------------End of Script----------------

14:52:39 INFO  : Launch script is exported to file '/home/oliver/Desktop/ece532/lab/lab/lab5_try2/lab5_try2.sdk/.sdk/launch_scripts/xilinx_c-c++_application_(system_debugger)/system_debugger_on_local.tcl'
14:53:54 INFO  : Disconnected from the channel tcfchan#1.
14:53:54 INFO  : 'targets -set -filter {jtag_cable_name =~ "Digilent Nexys4DDR 210292646181A" && level==0} -index 0' command is executed.
14:53:54 INFO  : 'fpga -state' command is executed.
14:53:54 INFO  : Connected to target on host '127.0.0.1' and port '3121'.
14:53:55 INFO  : Jtag cable 'Digilent Nexys4DDR 210292646181A' is selected.
14:53:55 INFO  : 'jtag frequency' command is executed.
14:53:55 INFO  : 'configparams mdm-detect-bscan-mask 2' command is executed.
14:53:55 INFO  : Context for processor 'design_1_i_microblaze_0' is selected.
14:53:55 INFO  : System reset is completed.
14:53:58 INFO  : 'after 3000' command is executed.
14:53:58 INFO  : Context for processor 'design_1_i_microblaze_0' is selected.
14:53:58 INFO  : The application '/home/oliver/Desktop/ece532/lab/lab/lab5_try2/lab5_try2.sdk/test_net/Debug/test_net.elf' is downloaded to processor 'design_1_i_microblaze_0'.
14:53:58 INFO  : ----------------XSDB Script----------------
connect -url tcp:127.0.0.1:3121
configparams mdm-detect-bscan-mask 2
targets -set -nocase -filter {name =~ "microblaze*#0" && bscan=="USER2"  && jtag_cable_name =~ "Digilent Nexys4DDR 210292646181A"} -index 0
rst -system
after 3000
targets -set -nocase -filter {name =~ "microblaze*#0" && bscan=="USER2"  && jtag_cable_name =~ "Digilent Nexys4DDR 210292646181A"} -index 0
dow /home/oliver/Desktop/ece532/lab/lab/lab5_try2/lab5_try2.sdk/test_net/Debug/test_net.elf
----------------End of Script----------------

14:53:58 INFO  : Memory regions updated for context MicroBlaze #0
14:53:58 INFO  : Memory regions updated for context MicroBlaze #0
14:53:58 INFO  : Context for processor 'design_1_i_microblaze_0' is selected.
14:53:58 INFO  : 'con' command is executed.
14:53:58 INFO  : ----------------XSDB Script (After Launch)----------------
targets -set -nocase -filter {name =~ "microblaze*#0" && bscan=="USER2"  && jtag_cable_name =~ "Digilent Nexys4DDR 210292646181A"} -index 0
con
----------------End of Script----------------

14:53:58 INFO  : Launch script is exported to file '/home/oliver/Desktop/ece532/lab/lab/lab5_try2/lab5_try2.sdk/.sdk/launch_scripts/xilinx_c-c++_application_(system_debugger)/system_debugger_on_local.tcl'
14:55:08 INFO  : Disconnected from the channel tcfchan#2.
14:55:09 INFO  : 'targets -set -filter {jtag_cable_name =~ "Digilent Nexys4DDR 210292646181A" && level==0} -index 0' command is executed.
14:55:09 INFO  : 'fpga -state' command is executed.
14:55:09 INFO  : Connected to target on host '127.0.0.1' and port '3121'.
14:55:09 INFO  : Jtag cable 'Digilent Nexys4DDR 210292646181A' is selected.
14:55:09 INFO  : 'jtag frequency' command is executed.
14:55:09 INFO  : 'configparams mdm-detect-bscan-mask 2' command is executed.
14:55:09 INFO  : Context for processor 'design_1_i_microblaze_0' is selected.
14:55:09 INFO  : System reset is completed.
14:55:12 INFO  : 'after 3000' command is executed.
14:55:12 INFO  : Context for processor 'design_1_i_microblaze_0' is selected.
14:55:13 INFO  : The application '/home/oliver/Desktop/ece532/lab/lab/lab5_try2/lab5_try2.sdk/test_net/Debug/test_net.elf' is downloaded to processor 'design_1_i_microblaze_0'.
14:55:13 INFO  : ----------------XSDB Script----------------
connect -url tcp:127.0.0.1:3121
configparams mdm-detect-bscan-mask 2
targets -set -nocase -filter {name =~ "microblaze*#0" && bscan=="USER2"  && jtag_cable_name =~ "Digilent Nexys4DDR 210292646181A"} -index 0
rst -system
after 3000
targets -set -nocase -filter {name =~ "microblaze*#0" && bscan=="USER2"  && jtag_cable_name =~ "Digilent Nexys4DDR 210292646181A"} -index 0
dow /home/oliver/Desktop/ece532/lab/lab/lab5_try2/lab5_try2.sdk/test_net/Debug/test_net.elf
----------------End of Script----------------

14:55:13 INFO  : Memory regions updated for context MicroBlaze #0
14:55:13 INFO  : Memory regions updated for context MicroBlaze #0
14:55:13 INFO  : Context for processor 'design_1_i_microblaze_0' is selected.
14:55:13 INFO  : 'con' command is executed.
14:55:13 INFO  : ----------------XSDB Script (After Launch)----------------
targets -set -nocase -filter {name =~ "microblaze*#0" && bscan=="USER2"  && jtag_cable_name =~ "Digilent Nexys4DDR 210292646181A"} -index 0
con
----------------End of Script----------------

14:55:13 INFO  : Launch script is exported to file '/home/oliver/Desktop/ece532/lab/lab/lab5_try2/lab5_try2.sdk/.sdk/launch_scripts/xilinx_c-c++_application_(system_debugger)/system_debugger_on_local.tcl'
15:06:50 INFO  : Disconnected from the channel tcfchan#3.
16:33:49 INFO  : Registering command handlers for SDK TCF services
16:33:50 INFO  : Launching XSCT server: xsct -n -interactive /home/oliver/Desktop/ece532/lab/lab/lab5_try2/lab5_try2.sdk/temp_xsdb_launch_script.tcl
16:33:53 INFO  : XSCT server has started successfully.
16:33:54 INFO  : Successfully done setting XSCT server connection channel  
16:33:54 INFO  : Successfully done setting SDK workspace  
16:33:54 INFO  : Processing command line option -hwspec /home/oliver/Desktop/ece532/lab/lab/lab5_try2/lab5_try2.sdk/mytop.hdf.
16:33:55 INFO  : Checking for hwspec changes in the project mytop_hw_platform_1.
16:34:51 INFO  : 'targets -set -filter {jtag_cable_name =~ "Digilent Nexys4DDR 210292646181A" && level==0} -index 0' command is executed.
16:34:51 INFO  : 'fpga -state' command is executed.
16:34:51 INFO  : Connected to target on host '127.0.0.1' and port '3121'.
16:34:52 INFO  : Jtag cable 'Digilent Nexys4DDR 210292646181A' is selected.
16:34:52 INFO  : 'jtag frequency' command is executed.
16:34:52 INFO  : 'configparams mdm-detect-bscan-mask 2' command is executed.
16:34:52 INFO  : Context for processor 'design_1_i_microblaze_0' is selected.
16:34:52 INFO  : Processor reset is completed for 'design_1_i_microblaze_0'.
16:34:52 INFO  : Context for processor 'design_1_i_microblaze_0' is selected.
16:34:53 INFO  : The application '/home/oliver/Desktop/ece532/lab/lab/lab5_try2/lab5_try2.sdk/test_net/Debug/test_net.elf' is downloaded to processor 'design_1_i_microblaze_0'.
16:34:53 INFO  : ----------------XSDB Script----------------
connect -url tcp:127.0.0.1:3121
configparams mdm-detect-bscan-mask 2
targets -set -nocase -filter {name =~ "microblaze*#0" && bscan=="USER2"  && jtag_cable_name =~ "Digilent Nexys4DDR 210292646181A"} -index 0
rst -processor
targets -set -nocase -filter {name =~ "microblaze*#0" && bscan=="USER2"  && jtag_cable_name =~ "Digilent Nexys4DDR 210292646181A"} -index 0
dow /home/oliver/Desktop/ece532/lab/lab/lab5_try2/lab5_try2.sdk/test_net/Debug/test_net.elf
----------------End of Script----------------

16:34:53 INFO  : Memory regions updated for context MicroBlaze #0
16:34:53 INFO  : Memory regions updated for context MicroBlaze #0
16:34:53 INFO  : Context for processor 'design_1_i_microblaze_0' is selected.
16:34:53 INFO  : 'con' command is executed.
16:34:53 INFO  : ----------------XSDB Script (After Launch)----------------
targets -set -nocase -filter {name =~ "microblaze*#0" && bscan=="USER2"  && jtag_cable_name =~ "Digilent Nexys4DDR 210292646181A"} -index 0
con
----------------End of Script----------------

16:34:53 INFO  : Launch script is exported to file '/home/oliver/Desktop/ece532/lab/lab/lab5_try2/lab5_try2.sdk/.sdk/launch_scripts/xilinx_c-c++_application_(system_debugger)/system_debugger_on_local.tcl'
16:35:59 INFO  : Disconnected from the channel tcfchan#1.
16:36:00 INFO  : 'targets -set -filter {jtag_cable_name =~ "Digilent Nexys4DDR 210292646181A" && level==0} -index 0' command is executed.
16:36:00 INFO  : 'fpga -state' command is executed.
16:36:00 INFO  : Connected to target on host '127.0.0.1' and port '3121'.
16:36:00 INFO  : Jtag cable 'Digilent Nexys4DDR 210292646181A' is selected.
16:36:00 INFO  : 'jtag frequency' command is executed.
16:36:00 INFO  : 'configparams mdm-detect-bscan-mask 2' command is executed.
16:36:00 INFO  : Context for processor 'design_1_i_microblaze_0' is selected.
16:36:00 INFO  : Processor reset is completed for 'design_1_i_microblaze_0'.
16:36:00 INFO  : Context for processor 'design_1_i_microblaze_0' is selected.
16:36:01 INFO  : The application '/home/oliver/Desktop/ece532/lab/lab/lab5_try2/lab5_try2.sdk/test_net/Debug/test_net.elf' is downloaded to processor 'design_1_i_microblaze_0'.
16:36:01 INFO  : ----------------XSDB Script----------------
connect -url tcp:127.0.0.1:3121
configparams mdm-detect-bscan-mask 2
targets -set -nocase -filter {name =~ "microblaze*#0" && bscan=="USER2"  && jtag_cable_name =~ "Digilent Nexys4DDR 210292646181A"} -index 0
rst -processor
targets -set -nocase -filter {name =~ "microblaze*#0" && bscan=="USER2"  && jtag_cable_name =~ "Digilent Nexys4DDR 210292646181A"} -index 0
dow /home/oliver/Desktop/ece532/lab/lab/lab5_try2/lab5_try2.sdk/test_net/Debug/test_net.elf
----------------End of Script----------------

16:36:01 INFO  : Memory regions updated for context MicroBlaze #0
16:36:01 INFO  : Memory regions updated for context MicroBlaze #0
16:36:01 INFO  : Context for processor 'design_1_i_microblaze_0' is selected.
16:36:01 INFO  : 'con' command is executed.
16:36:01 INFO  : ----------------XSDB Script (After Launch)----------------
targets -set -nocase -filter {name =~ "microblaze*#0" && bscan=="USER2"  && jtag_cable_name =~ "Digilent Nexys4DDR 210292646181A"} -index 0
con
----------------End of Script----------------

16:36:01 INFO  : Launch script is exported to file '/home/oliver/Desktop/ece532/lab/lab/lab5_try2/lab5_try2.sdk/.sdk/launch_scripts/xilinx_c-c++_application_(system_debugger)/system_debugger_on_local.tcl'
16:55:48 INFO  : Disconnected from the channel tcfchan#2.
16:55:49 INFO  : 'targets -set -filter {jtag_cable_name =~ "Digilent Nexys4DDR 210292646181A" && level==0} -index 0' command is executed.
16:55:49 INFO  : 'fpga -state' command is executed.
16:55:49 INFO  : Connected to target on host '127.0.0.1' and port '3121'.
16:55:49 INFO  : Jtag cable 'Digilent Nexys4DDR 210292646181A' is selected.
16:55:49 INFO  : 'jtag frequency' command is executed.
16:55:49 INFO  : 'configparams mdm-detect-bscan-mask 2' command is executed.
16:55:49 INFO  : Context for processor 'design_1_i_microblaze_0' is selected.
16:55:49 INFO  : Processor reset is completed for 'design_1_i_microblaze_0'.
16:55:49 INFO  : Context for processor 'design_1_i_microblaze_0' is selected.
16:55:50 INFO  : The application '/home/oliver/Desktop/ece532/lab/lab/lab5_try2/lab5_try2.sdk/test_net/Debug/test_net.elf' is downloaded to processor 'design_1_i_microblaze_0'.
16:55:50 INFO  : ----------------XSDB Script----------------
connect -url tcp:127.0.0.1:3121
configparams mdm-detect-bscan-mask 2
targets -set -nocase -filter {name =~ "microblaze*#0" && bscan=="USER2"  && jtag_cable_name =~ "Digilent Nexys4DDR 210292646181A"} -index 0
rst -processor
targets -set -nocase -filter {name =~ "microblaze*#0" && bscan=="USER2"  && jtag_cable_name =~ "Digilent Nexys4DDR 210292646181A"} -index 0
dow /home/oliver/Desktop/ece532/lab/lab/lab5_try2/lab5_try2.sdk/test_net/Debug/test_net.elf
----------------End of Script----------------

16:55:50 INFO  : Memory regions updated for context MicroBlaze #0
16:55:50 INFO  : Memory regions updated for context MicroBlaze #0
16:55:50 INFO  : Context for processor 'design_1_i_microblaze_0' is selected.
16:55:50 INFO  : 'con' command is executed.
16:55:50 INFO  : ----------------XSDB Script (After Launch)----------------
targets -set -nocase -filter {name =~ "microblaze*#0" && bscan=="USER2"  && jtag_cable_name =~ "Digilent Nexys4DDR 210292646181A"} -index 0
con
----------------End of Script----------------

16:55:50 INFO  : Launch script is exported to file '/home/oliver/Desktop/ece532/lab/lab/lab5_try2/lab5_try2.sdk/.sdk/launch_scripts/xilinx_c-c++_application_(system_debugger)/system_debugger_on_local.tcl'
16:58:32 INFO  : Disconnected from the channel tcfchan#3.
15:34:47 INFO  : Registering command handlers for SDK TCF services
15:34:48 INFO  : Launching XSCT server: xsct -n -interactive /home/oliver/Desktop/ece532/lab/lab/lab5_try2/lab5_try2.sdk/temp_xsdb_launch_script.tcl
15:34:50 INFO  : XSCT server has started successfully.
15:34:51 INFO  : Successfully done setting XSCT server connection channel  
15:34:51 INFO  : Successfully done setting SDK workspace  
15:34:51 INFO  : Processing command line option -hwspec /home/oliver/Desktop/ece532/lab/lab/lab5_try2/lab5_try2.sdk/mytop.hdf.
15:34:51 INFO  : Checking for hwspec changes in the project mytop_hw_platform_1.
15:34:56 INFO  : SDK has detected change in the last modified timestamps for source hardware specification file Source:1584991101000,  Project:1584468917000
15:34:56 INFO  : The hardware specification for project 'mytop_hw_platform_1' is different from /home/oliver/Desktop/ece532/lab/lab/lab5_try2/lab5_try2.sdk/mytop.hdf.
15:34:56 INFO  : Copied contents of /home/oliver/Desktop/ece532/lab/lab/lab5_try2/lab5_try2.sdk/mytop.hdf into /mytop_hw_platform_1/system.hdf.
15:35:02 INFO  : Synchronizing projects in the workspace with the hardware platform specification changes.
15:35:03 INFO  : 
15:35:04 INFO  : Updating hardware inferred compiler options for test_net.
15:35:04 INFO  : Clearing existing target manager status.
16:12:06 INFO  : SDK has detected change in the last modified timestamps for source hardware specification file Source:1584994285000,  Project:1584991101000
16:12:06 INFO  : Project mytop_hw_platform_1's source hardware specification located at /home/oliver/Desktop/ece532/lab/lab/lab5_try2/lab5_try2.sdk/mytop.hdf is now different from the local copy.
		 The local copy will be replaced with the source specification and your workspace will be updated.
16:12:23 INFO  : Project mytop_hw_platform_1's source hardware specification location will not be monitored anymore.
16:12:59 INFO  : Registering command handlers for SDK TCF services
16:13:00 INFO  : Launching XSCT server: xsct -n -interactive /home/oliver/Desktop/ece532/lab/lab/lab5_try2/lab5_try2.sdk/temp_xsdb_launch_script.tcl
16:13:02 INFO  : XSCT server has started successfully.
16:13:02 INFO  : Successfully done setting XSCT server connection channel  
16:13:03 INFO  : Successfully done setting SDK workspace  
16:13:03 INFO  : Processing command line option -hwspec /home/oliver/Desktop/ece532/lab/lab/lab5_try2/lab5_try2.sdk/mytop.hdf.
16:15:03 INFO  : Launching XSCT server: xsct -n -interactive /home/oliver/Desktop/ece532/lab/lab/lab5_try2/lab5_try2.sdk/temp_xsdb_launch_script.tcl
16:15:05 INFO  : XSCT server has started successfully.
16:15:05 INFO  : Successfully done setting XSCT server connection channel  
16:15:05 INFO  : Successfully done setting SDK workspace  
16:15:12 INFO  : Registering command handlers for SDK TCF services
16:15:12 INFO  : Processing command line option -hwspec /home/oliver/Desktop/ece532/lab/lab/lab5_try2/lab5_try2.sdk/mytop.hdf.
16:21:20 INFO  : 'targets -set -filter {jtag_cable_name =~ "Digilent Nexys4DDR 210292646181A" && level==0} -index 0' command is executed.
16:21:20 INFO  : 'fpga -state' command is executed.
16:21:20 INFO  : Connected to target on host '127.0.0.1' and port '3121'.
16:21:20 INFO  : Jtag cable 'Digilent Nexys4DDR 210292646181A' is selected.
16:21:20 INFO  : 'jtag frequency' command is executed.
16:21:20 INFO  : 'configparams mdm-detect-bscan-mask 2' command is executed.
16:21:20 INFO  : Context for processor 'design_1_i_microblaze_0' is selected.
16:21:20 INFO  : Processor reset is completed for 'design_1_i_microblaze_0'.
16:21:20 INFO  : Context for processor 'design_1_i_microblaze_0' is selected.
16:21:21 INFO  : The application '/home/oliver/Desktop/ece532/lab/lab/lab5_try2/lab5_try2.sdk/test_net/Debug/test_net.elf' is downloaded to processor 'design_1_i_microblaze_0'.
16:21:21 INFO  : ----------------XSDB Script----------------
connect -url tcp:127.0.0.1:3121
configparams mdm-detect-bscan-mask 2
targets -set -nocase -filter {name =~ "microblaze*#0" && bscan=="USER2"  && jtag_cable_name =~ "Digilent Nexys4DDR 210292646181A"} -index 0
rst -processor
targets -set -nocase -filter {name =~ "microblaze*#0" && bscan=="USER2"  && jtag_cable_name =~ "Digilent Nexys4DDR 210292646181A"} -index 0
dow /home/oliver/Desktop/ece532/lab/lab/lab5_try2/lab5_try2.sdk/test_net/Debug/test_net.elf
----------------End of Script----------------

16:21:21 INFO  : Memory regions updated for context MicroBlaze #0
16:21:21 INFO  : Memory regions updated for context MicroBlaze #0
16:21:21 INFO  : Context for processor 'design_1_i_microblaze_0' is selected.
16:21:21 INFO  : 'con' command is executed.
16:21:21 INFO  : ----------------XSDB Script (After Launch)----------------
targets -set -nocase -filter {name =~ "microblaze*#0" && bscan=="USER2"  && jtag_cable_name =~ "Digilent Nexys4DDR 210292646181A"} -index 0
con
----------------End of Script----------------

16:21:21 INFO  : Launch script is exported to file '/home/oliver/Desktop/ece532/lab/lab/lab5_try2/lab5_try2.sdk/.sdk/launch_scripts/xilinx_c-c++_application_(system_debugger)/system_debugger_on_local.tcl'
16:23:54 INFO  : Disconnected from the channel tcfchan#1.
16:23:56 INFO  : 'targets -set -filter {jtag_cable_name =~ "Digilent Nexys4DDR 210292646181A" && level==0} -index 0' command is executed.
16:23:56 INFO  : 'fpga -state' command is executed.
16:23:56 INFO  : Connected to target on host '127.0.0.1' and port '3121'.
16:23:56 INFO  : Jtag cable 'Digilent Nexys4DDR 210292646181A' is selected.
16:23:56 INFO  : 'jtag frequency' command is executed.
16:23:56 INFO  : 'configparams mdm-detect-bscan-mask 2' command is executed.
16:23:56 INFO  : Context for processor 'design_1_i_microblaze_0' is selected.
16:23:56 INFO  : Processor reset is completed for 'design_1_i_microblaze_0'.
16:23:56 INFO  : Context for processor 'design_1_i_microblaze_0' is selected.
16:23:57 INFO  : The application '/home/oliver/Desktop/ece532/lab/lab/lab5_try2/lab5_try2.sdk/test_net/Debug/test_net.elf' is downloaded to processor 'design_1_i_microblaze_0'.
16:23:57 INFO  : ----------------XSDB Script----------------
connect -url tcp:127.0.0.1:3121
configparams mdm-detect-bscan-mask 2
targets -set -nocase -filter {name =~ "microblaze*#0" && bscan=="USER2"  && jtag_cable_name =~ "Digilent Nexys4DDR 210292646181A"} -index 0
rst -processor
targets -set -nocase -filter {name =~ "microblaze*#0" && bscan=="USER2"  && jtag_cable_name =~ "Digilent Nexys4DDR 210292646181A"} -index 0
dow /home/oliver/Desktop/ece532/lab/lab/lab5_try2/lab5_try2.sdk/test_net/Debug/test_net.elf
----------------End of Script----------------

16:23:57 INFO  : Memory regions updated for context MicroBlaze #0
16:23:57 INFO  : Memory regions updated for context MicroBlaze #0
16:23:57 INFO  : Context for processor 'design_1_i_microblaze_0' is selected.
16:23:57 INFO  : 'con' command is executed.
16:23:57 INFO  : ----------------XSDB Script (After Launch)----------------
targets -set -nocase -filter {name =~ "microblaze*#0" && bscan=="USER2"  && jtag_cable_name =~ "Digilent Nexys4DDR 210292646181A"} -index 0
con
----------------End of Script----------------

16:23:57 INFO  : Launch script is exported to file '/home/oliver/Desktop/ece532/lab/lab/lab5_try2/lab5_try2.sdk/.sdk/launch_scripts/xilinx_c-c++_application_(system_debugger)/system_debugger_on_local.tcl'
16:25:22 INFO  : Disconnected from the channel tcfchan#2.
16:25:23 INFO  : 'targets -set -filter {jtag_cable_name =~ "Digilent Nexys4DDR 210292646181A" && level==0} -index 0' command is executed.
16:25:23 INFO  : 'fpga -state' command is executed.
16:25:23 INFO  : Connected to target on host '127.0.0.1' and port '3121'.
16:25:23 INFO  : Jtag cable 'Digilent Nexys4DDR 210292646181A' is selected.
16:25:23 INFO  : 'jtag frequency' command is executed.
16:25:23 INFO  : 'configparams mdm-detect-bscan-mask 2' command is executed.
16:25:23 INFO  : Context for processor 'design_1_i_microblaze_0' is selected.
16:25:23 INFO  : Processor reset is completed for 'design_1_i_microblaze_0'.
16:25:23 INFO  : Context for processor 'design_1_i_microblaze_0' is selected.
16:25:24 INFO  : The application '/home/oliver/Desktop/ece532/lab/lab/lab5_try2/lab5_try2.sdk/test_net/Debug/test_net.elf' is downloaded to processor 'design_1_i_microblaze_0'.
16:25:24 INFO  : ----------------XSDB Script----------------
connect -url tcp:127.0.0.1:3121
configparams mdm-detect-bscan-mask 2
targets -set -nocase -filter {name =~ "microblaze*#0" && bscan=="USER2"  && jtag_cable_name =~ "Digilent Nexys4DDR 210292646181A"} -index 0
rst -processor
targets -set -nocase -filter {name =~ "microblaze*#0" && bscan=="USER2"  && jtag_cable_name =~ "Digilent Nexys4DDR 210292646181A"} -index 0
dow /home/oliver/Desktop/ece532/lab/lab/lab5_try2/lab5_try2.sdk/test_net/Debug/test_net.elf
----------------End of Script----------------

16:25:24 INFO  : Memory regions updated for context MicroBlaze #0
16:25:24 INFO  : Memory regions updated for context MicroBlaze #0
16:25:24 INFO  : Context for processor 'design_1_i_microblaze_0' is selected.
16:25:24 INFO  : 'con' command is executed.
16:25:24 INFO  : ----------------XSDB Script (After Launch)----------------
targets -set -nocase -filter {name =~ "microblaze*#0" && bscan=="USER2"  && jtag_cable_name =~ "Digilent Nexys4DDR 210292646181A"} -index 0
con
----------------End of Script----------------

16:25:24 INFO  : Launch script is exported to file '/home/oliver/Desktop/ece532/lab/lab/lab5_try2/lab5_try2.sdk/.sdk/launch_scripts/xilinx_c-c++_application_(system_debugger)/system_debugger_on_local.tcl'
16:26:01 INFO  : Disconnected from the channel tcfchan#3.
16:26:02 INFO  : 'targets -set -filter {jtag_cable_name =~ "Digilent Nexys4DDR 210292646181A" && level==0} -index 0' command is executed.
16:26:02 INFO  : 'fpga -state' command is executed.
16:26:02 INFO  : Connected to target on host '127.0.0.1' and port '3121'.
16:26:02 INFO  : Jtag cable 'Digilent Nexys4DDR 210292646181A' is selected.
16:26:02 INFO  : 'jtag frequency' command is executed.
16:26:02 INFO  : 'configparams mdm-detect-bscan-mask 2' command is executed.
16:26:02 INFO  : Context for processor 'design_1_i_microblaze_0' is selected.
16:26:02 INFO  : Processor reset is completed for 'design_1_i_microblaze_0'.
16:26:02 INFO  : Context for processor 'design_1_i_microblaze_0' is selected.
16:26:03 INFO  : The application '/home/oliver/Desktop/ece532/lab/lab/lab5_try2/lab5_try2.sdk/test_net/Debug/test_net.elf' is downloaded to processor 'design_1_i_microblaze_0'.
16:26:03 INFO  : ----------------XSDB Script----------------
connect -url tcp:127.0.0.1:3121
configparams mdm-detect-bscan-mask 2
targets -set -nocase -filter {name =~ "microblaze*#0" && bscan=="USER2"  && jtag_cable_name =~ "Digilent Nexys4DDR 210292646181A"} -index 0
rst -processor
targets -set -nocase -filter {name =~ "microblaze*#0" && bscan=="USER2"  && jtag_cable_name =~ "Digilent Nexys4DDR 210292646181A"} -index 0
dow /home/oliver/Desktop/ece532/lab/lab/lab5_try2/lab5_try2.sdk/test_net/Debug/test_net.elf
----------------End of Script----------------

16:26:03 INFO  : Memory regions updated for context MicroBlaze #0
16:26:03 INFO  : Memory regions updated for context MicroBlaze #0
16:26:03 INFO  : Context for processor 'design_1_i_microblaze_0' is selected.
16:26:03 INFO  : 'con' command is executed.
16:26:03 INFO  : ----------------XSDB Script (After Launch)----------------
targets -set -nocase -filter {name =~ "microblaze*#0" && bscan=="USER2"  && jtag_cable_name =~ "Digilent Nexys4DDR 210292646181A"} -index 0
con
----------------End of Script----------------

16:26:03 INFO  : Launch script is exported to file '/home/oliver/Desktop/ece532/lab/lab/lab5_try2/lab5_try2.sdk/.sdk/launch_scripts/xilinx_c-c++_application_(system_debugger)/system_debugger_on_local.tcl'
16:29:34 INFO  : Disconnected from the channel tcfchan#4.
16:29:35 INFO  : 'targets -set -filter {jtag_cable_name =~ "Digilent Nexys4DDR 210292646181A" && level==0} -index 0' command is executed.
16:29:35 INFO  : 'fpga -state' command is executed.
16:29:35 INFO  : Connected to target on host '127.0.0.1' and port '3121'.
16:29:35 INFO  : Jtag cable 'Digilent Nexys4DDR 210292646181A' is selected.
16:29:35 INFO  : 'jtag frequency' command is executed.
16:29:35 INFO  : 'configparams mdm-detect-bscan-mask 2' command is executed.
16:29:35 INFO  : Context for processor 'design_1_i_microblaze_0' is selected.
16:29:35 INFO  : System reset is completed.
16:29:38 INFO  : 'after 3000' command is executed.
16:29:38 INFO  : Context for processor 'design_1_i_microblaze_0' is selected.
16:29:39 INFO  : The application '/home/oliver/Desktop/ece532/lab/lab/lab5_try2/lab5_try2.sdk/test_net/Debug/test_net.elf' is downloaded to processor 'design_1_i_microblaze_0'.
16:29:39 INFO  : ----------------XSDB Script----------------
connect -url tcp:127.0.0.1:3121
configparams mdm-detect-bscan-mask 2
targets -set -nocase -filter {name =~ "microblaze*#0" && bscan=="USER2"  && jtag_cable_name =~ "Digilent Nexys4DDR 210292646181A"} -index 0
rst -system
after 3000
targets -set -nocase -filter {name =~ "microblaze*#0" && bscan=="USER2"  && jtag_cable_name =~ "Digilent Nexys4DDR 210292646181A"} -index 0
dow /home/oliver/Desktop/ece532/lab/lab/lab5_try2/lab5_try2.sdk/test_net/Debug/test_net.elf
----------------End of Script----------------

16:29:39 INFO  : Memory regions updated for context MicroBlaze #0
16:29:39 INFO  : Memory regions updated for context MicroBlaze #0
16:29:39 INFO  : Context for processor 'design_1_i_microblaze_0' is selected.
16:29:39 INFO  : 'con' command is executed.
16:29:39 INFO  : ----------------XSDB Script (After Launch)----------------
targets -set -nocase -filter {name =~ "microblaze*#0" && bscan=="USER2"  && jtag_cable_name =~ "Digilent Nexys4DDR 210292646181A"} -index 0
con
----------------End of Script----------------

16:29:39 INFO  : Launch script is exported to file '/home/oliver/Desktop/ece532/lab/lab/lab5_try2/lab5_try2.sdk/.sdk/launch_scripts/xilinx_c-c++_application_(system_debugger)/system_debugger_on_local.tcl'
16:30:31 INFO  : Disconnected from the channel tcfchan#5.
16:30:33 INFO  : 'targets -set -filter {jtag_cable_name =~ "Digilent Nexys4DDR 210292646181A" && level==0} -index 0' command is executed.
16:30:33 INFO  : 'fpga -state' command is executed.
16:30:33 INFO  : Connected to target on host '127.0.0.1' and port '3121'.
16:30:33 INFO  : Jtag cable 'Digilent Nexys4DDR 210292646181A' is selected.
16:30:33 INFO  : 'jtag frequency' command is executed.
16:30:33 INFO  : 'configparams mdm-detect-bscan-mask 2' command is executed.
16:30:33 INFO  : Context for processor 'design_1_i_microblaze_0' is selected.
16:30:33 INFO  : Processor reset is completed for 'design_1_i_microblaze_0'.
16:30:33 INFO  : Context for processor 'design_1_i_microblaze_0' is selected.
16:30:34 INFO  : The application '/home/oliver/Desktop/ece532/lab/lab/lab5_try2/lab5_try2.sdk/test_net/Debug/test_net.elf' is downloaded to processor 'design_1_i_microblaze_0'.
16:30:34 INFO  : ----------------XSDB Script----------------
connect -url tcp:127.0.0.1:3121
configparams mdm-detect-bscan-mask 2
targets -set -nocase -filter {name =~ "microblaze*#0" && bscan=="USER2"  && jtag_cable_name =~ "Digilent Nexys4DDR 210292646181A"} -index 0
rst -processor
targets -set -nocase -filter {name =~ "microblaze*#0" && bscan=="USER2"  && jtag_cable_name =~ "Digilent Nexys4DDR 210292646181A"} -index 0
dow /home/oliver/Desktop/ece532/lab/lab/lab5_try2/lab5_try2.sdk/test_net/Debug/test_net.elf
----------------End of Script----------------

16:30:34 INFO  : Memory regions updated for context MicroBlaze #0
16:30:34 INFO  : Memory regions updated for context MicroBlaze #0
16:30:34 INFO  : Context for processor 'design_1_i_microblaze_0' is selected.
16:30:34 INFO  : 'con' command is executed.
16:30:34 INFO  : ----------------XSDB Script (After Launch)----------------
targets -set -nocase -filter {name =~ "microblaze*#0" && bscan=="USER2"  && jtag_cable_name =~ "Digilent Nexys4DDR 210292646181A"} -index 0
con
----------------End of Script----------------

16:30:34 INFO  : Launch script is exported to file '/home/oliver/Desktop/ece532/lab/lab/lab5_try2/lab5_try2.sdk/.sdk/launch_scripts/xilinx_c-c++_application_(system_debugger)/system_debugger_on_local.tcl'
16:32:06 INFO  : Disconnected from the channel tcfchan#6.
16:32:07 INFO  : 'targets -set -filter {jtag_cable_name =~ "Digilent Nexys4DDR 210292646181A" && level==0} -index 0' command is executed.
16:32:07 INFO  : 'fpga -state' command is executed.
16:32:07 INFO  : Connected to target on host '127.0.0.1' and port '3121'.
16:32:07 INFO  : Jtag cable 'Digilent Nexys4DDR 210292646181A' is selected.
16:32:07 INFO  : 'jtag frequency' command is executed.
16:32:07 INFO  : 'configparams mdm-detect-bscan-mask 2' command is executed.
16:32:07 INFO  : Context for processor 'design_1_i_microblaze_0' is selected.
16:32:08 INFO  : Processor reset is completed for 'design_1_i_microblaze_0'.
16:32:08 INFO  : Context for processor 'design_1_i_microblaze_0' is selected.
16:32:09 INFO  : The application '/home/oliver/Desktop/ece532/lab/lab/lab5_try2/lab5_try2.sdk/test_net/Debug/test_net.elf' is downloaded to processor 'design_1_i_microblaze_0'.
16:32:09 INFO  : ----------------XSDB Script----------------
connect -url tcp:127.0.0.1:3121
configparams mdm-detect-bscan-mask 2
targets -set -nocase -filter {name =~ "microblaze*#0" && bscan=="USER2"  && jtag_cable_name =~ "Digilent Nexys4DDR 210292646181A"} -index 0
rst -processor
targets -set -nocase -filter {name =~ "microblaze*#0" && bscan=="USER2"  && jtag_cable_name =~ "Digilent Nexys4DDR 210292646181A"} -index 0
dow /home/oliver/Desktop/ece532/lab/lab/lab5_try2/lab5_try2.sdk/test_net/Debug/test_net.elf
----------------End of Script----------------

16:32:09 INFO  : Memory regions updated for context MicroBlaze #0
16:32:09 INFO  : Memory regions updated for context MicroBlaze #0
16:32:09 INFO  : Context for processor 'design_1_i_microblaze_0' is selected.
16:32:09 INFO  : 'con' command is executed.
16:32:09 INFO  : ----------------XSDB Script (After Launch)----------------
targets -set -nocase -filter {name =~ "microblaze*#0" && bscan=="USER2"  && jtag_cable_name =~ "Digilent Nexys4DDR 210292646181A"} -index 0
con
----------------End of Script----------------

16:32:09 INFO  : Launch script is exported to file '/home/oliver/Desktop/ece532/lab/lab/lab5_try2/lab5_try2.sdk/.sdk/launch_scripts/xilinx_c-c++_application_(system_debugger)/system_debugger_on_local.tcl'
16:32:53 INFO  : Disconnected from the channel tcfchan#7.
16:32:54 INFO  : 'targets -set -filter {jtag_cable_name =~ "Digilent Nexys4DDR 210292646181A" && level==0} -index 0' command is executed.
16:32:54 INFO  : 'fpga -state' command is executed.
16:32:54 INFO  : Connected to target on host '127.0.0.1' and port '3121'.
16:32:54 INFO  : Jtag cable 'Digilent Nexys4DDR 210292646181A' is selected.
16:32:54 INFO  : 'jtag frequency' command is executed.
16:32:54 INFO  : 'configparams mdm-detect-bscan-mask 2' command is executed.
16:32:54 INFO  : Context for processor 'design_1_i_microblaze_0' is selected.
16:32:54 INFO  : Processor reset is completed for 'design_1_i_microblaze_0'.
16:32:54 INFO  : Context for processor 'design_1_i_microblaze_0' is selected.
16:32:55 INFO  : The application '/home/oliver/Desktop/ece532/lab/lab/lab5_try2/lab5_try2.sdk/test_net/Debug/test_net.elf' is downloaded to processor 'design_1_i_microblaze_0'.
16:32:55 INFO  : ----------------XSDB Script----------------
connect -url tcp:127.0.0.1:3121
configparams mdm-detect-bscan-mask 2
targets -set -nocase -filter {name =~ "microblaze*#0" && bscan=="USER2"  && jtag_cable_name =~ "Digilent Nexys4DDR 210292646181A"} -index 0
rst -processor
targets -set -nocase -filter {name =~ "microblaze*#0" && bscan=="USER2"  && jtag_cable_name =~ "Digilent Nexys4DDR 210292646181A"} -index 0
dow /home/oliver/Desktop/ece532/lab/lab/lab5_try2/lab5_try2.sdk/test_net/Debug/test_net.elf
----------------End of Script----------------

16:32:55 INFO  : Memory regions updated for context MicroBlaze #0
16:32:55 INFO  : Memory regions updated for context MicroBlaze #0
16:32:55 INFO  : Context for processor 'design_1_i_microblaze_0' is selected.
16:32:55 INFO  : 'con' command is executed.
16:32:55 INFO  : ----------------XSDB Script (After Launch)----------------
targets -set -nocase -filter {name =~ "microblaze*#0" && bscan=="USER2"  && jtag_cable_name =~ "Digilent Nexys4DDR 210292646181A"} -index 0
con
----------------End of Script----------------

16:32:55 INFO  : Launch script is exported to file '/home/oliver/Desktop/ece532/lab/lab/lab5_try2/lab5_try2.sdk/.sdk/launch_scripts/xilinx_c-c++_application_(system_debugger)/system_debugger_on_local.tcl'
16:34:35 INFO  : Disconnected from the channel tcfchan#8.
16:34:36 INFO  : 'targets -set -filter {jtag_cable_name =~ "Digilent Nexys4DDR 210292646181A" && level==0} -index 0' command is executed.
16:34:36 INFO  : 'fpga -state' command is executed.
16:34:36 INFO  : Connected to target on host '127.0.0.1' and port '3121'.
16:34:36 INFO  : Jtag cable 'Digilent Nexys4DDR 210292646181A' is selected.
16:34:36 INFO  : 'jtag frequency' command is executed.
16:34:36 INFO  : 'configparams mdm-detect-bscan-mask 2' command is executed.
16:34:36 INFO  : Context for processor 'design_1_i_microblaze_0' is selected.
16:34:36 INFO  : Processor reset is completed for 'design_1_i_microblaze_0'.
16:34:36 INFO  : Context for processor 'design_1_i_microblaze_0' is selected.
16:34:37 INFO  : The application '/home/oliver/Desktop/ece532/lab/lab/lab5_try2/lab5_try2.sdk/test_net/Debug/test_net.elf' is downloaded to processor 'design_1_i_microblaze_0'.
16:34:37 INFO  : ----------------XSDB Script----------------
connect -url tcp:127.0.0.1:3121
configparams mdm-detect-bscan-mask 2
targets -set -nocase -filter {name =~ "microblaze*#0" && bscan=="USER2"  && jtag_cable_name =~ "Digilent Nexys4DDR 210292646181A"} -index 0
rst -processor
targets -set -nocase -filter {name =~ "microblaze*#0" && bscan=="USER2"  && jtag_cable_name =~ "Digilent Nexys4DDR 210292646181A"} -index 0
dow /home/oliver/Desktop/ece532/lab/lab/lab5_try2/lab5_try2.sdk/test_net/Debug/test_net.elf
----------------End of Script----------------

16:34:37 INFO  : Memory regions updated for context MicroBlaze #0
16:34:37 INFO  : Memory regions updated for context MicroBlaze #0
16:34:37 INFO  : Context for processor 'design_1_i_microblaze_0' is selected.
16:34:37 INFO  : 'con' command is executed.
16:34:37 INFO  : ----------------XSDB Script (After Launch)----------------
targets -set -nocase -filter {name =~ "microblaze*#0" && bscan=="USER2"  && jtag_cable_name =~ "Digilent Nexys4DDR 210292646181A"} -index 0
con
----------------End of Script----------------

16:34:37 INFO  : Launch script is exported to file '/home/oliver/Desktop/ece532/lab/lab/lab5_try2/lab5_try2.sdk/.sdk/launch_scripts/xilinx_c-c++_application_(system_debugger)/system_debugger_on_local.tcl'
16:35:29 INFO  : Disconnected from the channel tcfchan#9.
17:29:32 INFO  : Registering command handlers for SDK TCF services
17:29:34 INFO  : Launching XSCT server: xsct -n -interactive /home/oliver/Desktop/ece532/lab/lab/lab5_try2/lab5_try2.sdk/temp_xsdb_launch_script.tcl
17:29:36 INFO  : XSCT server has started successfully.
17:29:36 INFO  : Successfully done setting XSCT server connection channel  
17:29:36 INFO  : Successfully done setting SDK workspace  
17:29:36 INFO  : Processing command line option -hwspec /home/oliver/Desktop/ece532/lab/lab/lab5_try2/lab5_try2.sdk/mytop.hdf.
17:29:36 INFO  : Checking for hwspec changes in the project mytop_hw_platform_0.
17:29:41 INFO  : SDK has detected change in the last modified timestamps for source hardware specification file Source:1584998940000,  Project:1584994285000
17:29:41 INFO  : The hardware specification for project 'mytop_hw_platform_0' is different from /home/oliver/Desktop/ece532/lab/lab/lab5_try2/lab5_try2.sdk/mytop.hdf.
17:29:41 INFO  : Copied contents of /home/oliver/Desktop/ece532/lab/lab/lab5_try2/lab5_try2.sdk/mytop.hdf into /mytop_hw_platform_0/system.hdf.
17:29:48 INFO  : Synchronizing projects in the workspace with the hardware platform specification changes.
17:29:50 INFO  : 
17:29:51 INFO  : Updating hardware inferred compiler options for test_net.
17:29:51 INFO  : Clearing existing target manager status.
17:29:51 INFO  : Workspace synchronized with the new hardware specification file. Cleaning dependent projects...
17:29:53 WARN  : Linker script will not be updated automatically. Users need to update it manually.
17:34:13 INFO  : 'targets -set -filter {jtag_cable_name =~ "Digilent Nexys4DDR 210292646181A" && level==0} -index 0' command is executed.
17:34:13 INFO  : 'fpga -state' command is executed.
17:34:13 INFO  : Connected to target on host '127.0.0.1' and port '3121'.
17:34:13 INFO  : Jtag cable 'Digilent Nexys4DDR 210292646181A' is selected.
17:34:13 INFO  : 'jtag frequency' command is executed.
17:34:13 INFO  : 'configparams mdm-detect-bscan-mask 2' command is executed.
17:34:13 INFO  : Context for processor 'design_1_i_microblaze_0' is selected.
17:34:13 INFO  : Processor reset is completed for 'design_1_i_microblaze_0'.
17:34:13 INFO  : Context for processor 'design_1_i_microblaze_0' is selected.
17:34:14 INFO  : The application '/home/oliver/Desktop/ece532/lab/lab/lab5_try2/lab5_try2.sdk/test_net/Debug/test_net.elf' is downloaded to processor 'design_1_i_microblaze_0'.
17:34:14 INFO  : ----------------XSDB Script----------------
connect -url tcp:127.0.0.1:3121
configparams mdm-detect-bscan-mask 2
targets -set -nocase -filter {name =~ "microblaze*#0" && bscan=="USER2"  && jtag_cable_name =~ "Digilent Nexys4DDR 210292646181A"} -index 0
rst -processor
targets -set -nocase -filter {name =~ "microblaze*#0" && bscan=="USER2"  && jtag_cable_name =~ "Digilent Nexys4DDR 210292646181A"} -index 0
dow /home/oliver/Desktop/ece532/lab/lab/lab5_try2/lab5_try2.sdk/test_net/Debug/test_net.elf
----------------End of Script----------------

17:34:14 INFO  : Memory regions updated for context MicroBlaze #0
17:34:14 INFO  : Memory regions updated for context MicroBlaze #0
17:34:14 INFO  : Context for processor 'design_1_i_microblaze_0' is selected.
17:34:14 INFO  : 'con' command is executed.
17:34:14 INFO  : ----------------XSDB Script (After Launch)----------------
targets -set -nocase -filter {name =~ "microblaze*#0" && bscan=="USER2"  && jtag_cable_name =~ "Digilent Nexys4DDR 210292646181A"} -index 0
con
----------------End of Script----------------

17:34:14 INFO  : Launch script is exported to file '/home/oliver/Desktop/ece532/lab/lab/lab5_try2/lab5_try2.sdk/.sdk/launch_scripts/xilinx_c-c++_application_(system_debugger)/system_debugger_on_local.tcl'
17:39:20 INFO  : Disconnected from the channel tcfchan#1.
17:39:24 ERROR : no targets found with "jtag_cable_name =~ "Digilent Nexys4DDR 210292646181A" && level==0". available targets:
  1  xc7a100t
     2  MicroBlaze Debug Module at USER2
        3* MicroBlaze #0 (Running)
     4  Legacy Debug Hub
17:39:32 INFO  : 'targets -set -filter {jtag_cable_name =~ "Digilent Nexys4DDR 210292646181A" && level==0} -index 0' command is executed.
17:39:32 INFO  : 'fpga -state' command is executed.
17:39:32 INFO  : Connected to target on host '127.0.0.1' and port '3121'.
17:39:32 INFO  : Jtag cable 'Digilent Nexys4DDR 210292646181A' is selected.
17:39:32 INFO  : 'jtag frequency' command is executed.
17:39:32 INFO  : 'configparams mdm-detect-bscan-mask 2' command is executed.
17:39:32 INFO  : Context for processor 'design_1_i_microblaze_0' is selected.
17:39:32 INFO  : Processor reset is completed for 'design_1_i_microblaze_0'.
17:39:32 INFO  : Context for processor 'design_1_i_microblaze_0' is selected.
17:39:33 INFO  : The application '/home/oliver/Desktop/ece532/lab/lab/lab5_try2/lab5_try2.sdk/test_net/Debug/test_net.elf' is downloaded to processor 'design_1_i_microblaze_0'.
17:39:33 INFO  : ----------------XSDB Script----------------
connect -url tcp:127.0.0.1:3121
configparams mdm-detect-bscan-mask 2
targets -set -nocase -filter {name =~ "microblaze*#0" && bscan=="USER2"  && jtag_cable_name =~ "Digilent Nexys4DDR 210292646181A"} -index 0
rst -processor
targets -set -nocase -filter {name =~ "microblaze*#0" && bscan=="USER2"  && jtag_cable_name =~ "Digilent Nexys4DDR 210292646181A"} -index 0
dow /home/oliver/Desktop/ece532/lab/lab/lab5_try2/lab5_try2.sdk/test_net/Debug/test_net.elf
----------------End of Script----------------

17:39:33 INFO  : Memory regions updated for context MicroBlaze #0
17:39:33 INFO  : Memory regions updated for context MicroBlaze #0
17:39:33 INFO  : Context for processor 'design_1_i_microblaze_0' is selected.
17:39:33 INFO  : 'con' command is executed.
17:39:33 INFO  : ----------------XSDB Script (After Launch)----------------
targets -set -nocase -filter {name =~ "microblaze*#0" && bscan=="USER2"  && jtag_cable_name =~ "Digilent Nexys4DDR 210292646181A"} -index 0
con
----------------End of Script----------------

17:39:33 INFO  : Launch script is exported to file '/home/oliver/Desktop/ece532/lab/lab/lab5_try2/lab5_try2.sdk/.sdk/launch_scripts/xilinx_c-c++_application_(system_debugger)/system_debugger_on_local.tcl'
17:41:36 INFO  : Disconnected from the channel tcfchan#2.
17:41:52 INFO  : 'targets -set -filter {jtag_cable_name =~ "Digilent Nexys4DDR 210292646181A" && level==0} -index 0' command is executed.
17:41:52 INFO  : 'fpga -state' command is executed.
17:41:52 INFO  : Connected to target on host '127.0.0.1' and port '3121'.
17:41:52 INFO  : Jtag cable 'Digilent Nexys4DDR 210292646181A' is selected.
17:41:52 INFO  : 'jtag frequency' command is executed.
17:41:52 INFO  : 'configparams mdm-detect-bscan-mask 2' command is executed.
17:41:52 INFO  : Context for processor 'design_1_i_microblaze_0' is selected.
17:41:52 INFO  : Processor reset is completed for 'design_1_i_microblaze_0'.
17:41:52 INFO  : Context for processor 'design_1_i_microblaze_0' is selected.
17:41:53 INFO  : The application '/home/oliver/Desktop/ece532/lab/lab/lab5_try2/lab5_try2.sdk/test_net/Debug/test_net.elf' is downloaded to processor 'design_1_i_microblaze_0'.
17:41:53 INFO  : ----------------XSDB Script----------------
connect -url tcp:127.0.0.1:3121
configparams mdm-detect-bscan-mask 2
targets -set -nocase -filter {name =~ "microblaze*#0" && bscan=="USER2"  && jtag_cable_name =~ "Digilent Nexys4DDR 210292646181A"} -index 0
rst -processor
targets -set -nocase -filter {name =~ "microblaze*#0" && bscan=="USER2"  && jtag_cable_name =~ "Digilent Nexys4DDR 210292646181A"} -index 0
dow /home/oliver/Desktop/ece532/lab/lab/lab5_try2/lab5_try2.sdk/test_net/Debug/test_net.elf
----------------End of Script----------------

17:41:53 INFO  : Memory regions updated for context MicroBlaze #0
17:41:53 INFO  : Memory regions updated for context MicroBlaze #0
17:41:53 INFO  : Context for processor 'design_1_i_microblaze_0' is selected.
17:41:53 INFO  : 'con' command is executed.
17:41:53 INFO  : ----------------XSDB Script (After Launch)----------------
targets -set -nocase -filter {name =~ "microblaze*#0" && bscan=="USER2"  && jtag_cable_name =~ "Digilent Nexys4DDR 210292646181A"} -index 0
con
----------------End of Script----------------

17:41:53 INFO  : Launch script is exported to file '/home/oliver/Desktop/ece532/lab/lab/lab5_try2/lab5_try2.sdk/.sdk/launch_scripts/xilinx_c-c++_application_(system_debugger)/system_debugger_on_local.tcl'
17:42:20 INFO  : Disconnected from the channel tcfchan#3.
17:42:21 INFO  : 'targets -set -filter {jtag_cable_name =~ "Digilent Nexys4DDR 210292646181A" && level==0} -index 0' command is executed.
17:42:21 INFO  : 'fpga -state' command is executed.
17:42:21 INFO  : Connected to target on host '127.0.0.1' and port '3121'.
17:42:21 INFO  : Jtag cable 'Digilent Nexys4DDR 210292646181A' is selected.
17:42:21 INFO  : 'jtag frequency' command is executed.
17:42:21 INFO  : 'configparams mdm-detect-bscan-mask 2' command is executed.
17:42:21 INFO  : Context for processor 'design_1_i_microblaze_0' is selected.
17:42:21 INFO  : System reset is completed.
17:42:24 INFO  : 'after 3000' command is executed.
17:42:24 INFO  : Context for processor 'design_1_i_microblaze_0' is selected.
17:42:25 INFO  : The application '/home/oliver/Desktop/ece532/lab/lab/lab5_try2/lab5_try2.sdk/test_net/Debug/test_net.elf' is downloaded to processor 'design_1_i_microblaze_0'.
17:42:25 INFO  : ----------------XSDB Script----------------
connect -url tcp:127.0.0.1:3121
configparams mdm-detect-bscan-mask 2
targets -set -nocase -filter {name =~ "microblaze*#0" && bscan=="USER2"  && jtag_cable_name =~ "Digilent Nexys4DDR 210292646181A"} -index 0
rst -system
after 3000
targets -set -nocase -filter {name =~ "microblaze*#0" && bscan=="USER2"  && jtag_cable_name =~ "Digilent Nexys4DDR 210292646181A"} -index 0
dow /home/oliver/Desktop/ece532/lab/lab/lab5_try2/lab5_try2.sdk/test_net/Debug/test_net.elf
----------------End of Script----------------

17:42:25 INFO  : Memory regions updated for context MicroBlaze #0
17:42:25 INFO  : Memory regions updated for context MicroBlaze #0
17:42:25 INFO  : Context for processor 'design_1_i_microblaze_0' is selected.
17:42:25 INFO  : 'con' command is executed.
17:42:25 INFO  : ----------------XSDB Script (After Launch)----------------
targets -set -nocase -filter {name =~ "microblaze*#0" && bscan=="USER2"  && jtag_cable_name =~ "Digilent Nexys4DDR 210292646181A"} -index 0
con
----------------End of Script----------------

17:42:25 INFO  : Launch script is exported to file '/home/oliver/Desktop/ece532/lab/lab/lab5_try2/lab5_try2.sdk/.sdk/launch_scripts/xilinx_c-c++_application_(system_debugger)/system_debugger_on_local.tcl'
17:43:32 INFO  : Disconnected from the channel tcfchan#4.
17:43:33 INFO  : 'targets -set -filter {jtag_cable_name =~ "Digilent Nexys4DDR 210292646181A" && level==0} -index 0' command is executed.
17:43:33 INFO  : 'fpga -state' command is executed.
17:43:33 INFO  : Connected to target on host '127.0.0.1' and port '3121'.
17:43:34 INFO  : Jtag cable 'Digilent Nexys4DDR 210292646181A' is selected.
17:43:34 INFO  : 'jtag frequency' command is executed.
17:43:34 INFO  : 'configparams mdm-detect-bscan-mask 2' command is executed.
17:43:34 INFO  : Context for processor 'design_1_i_microblaze_0' is selected.
17:43:34 INFO  : System reset is completed.
17:43:37 INFO  : 'after 3000' command is executed.
17:43:37 INFO  : Context for processor 'design_1_i_microblaze_0' is selected.
17:43:38 INFO  : The application '/home/oliver/Desktop/ece532/lab/lab/lab5_try2/lab5_try2.sdk/test_net/Debug/test_net.elf' is downloaded to processor 'design_1_i_microblaze_0'.
17:43:38 INFO  : ----------------XSDB Script----------------
connect -url tcp:127.0.0.1:3121
configparams mdm-detect-bscan-mask 2
targets -set -nocase -filter {name =~ "microblaze*#0" && bscan=="USER2"  && jtag_cable_name =~ "Digilent Nexys4DDR 210292646181A"} -index 0
rst -system
after 3000
targets -set -nocase -filter {name =~ "microblaze*#0" && bscan=="USER2"  && jtag_cable_name =~ "Digilent Nexys4DDR 210292646181A"} -index 0
dow /home/oliver/Desktop/ece532/lab/lab/lab5_try2/lab5_try2.sdk/test_net/Debug/test_net.elf
----------------End of Script----------------

17:43:38 INFO  : Memory regions updated for context MicroBlaze #0
17:43:38 INFO  : Memory regions updated for context MicroBlaze #0
17:43:38 INFO  : Context for processor 'design_1_i_microblaze_0' is selected.
17:43:38 INFO  : 'con' command is executed.
17:43:38 INFO  : ----------------XSDB Script (After Launch)----------------
targets -set -nocase -filter {name =~ "microblaze*#0" && bscan=="USER2"  && jtag_cable_name =~ "Digilent Nexys4DDR 210292646181A"} -index 0
con
----------------End of Script----------------

17:43:38 INFO  : Launch script is exported to file '/home/oliver/Desktop/ece532/lab/lab/lab5_try2/lab5_try2.sdk/.sdk/launch_scripts/xilinx_c-c++_application_(system_debugger)/system_debugger_on_local.tcl'
17:46:36 INFO  : Disconnected from the channel tcfchan#5.
17:46:39 INFO  : 'targets -set -filter {jtag_cable_name =~ "Digilent Nexys4DDR 210292646181A" && level==0} -index 0' command is executed.
17:46:39 INFO  : 'fpga -state' command is executed.
17:46:39 INFO  : Connected to target on host '127.0.0.1' and port '3121'.
17:46:39 INFO  : Jtag cable 'Digilent Nexys4DDR 210292646181A' is selected.
17:46:39 INFO  : 'jtag frequency' command is executed.
17:46:39 INFO  : 'configparams mdm-detect-bscan-mask 2' command is executed.
17:46:39 INFO  : Context for processor 'design_1_i_microblaze_0' is selected.
17:46:39 INFO  : Processor reset is completed for 'design_1_i_microblaze_0'.
17:46:39 INFO  : Context for processor 'design_1_i_microblaze_0' is selected.
17:46:40 INFO  : The application '/home/oliver/Desktop/ece532/lab/lab/lab5_try2/lab5_try2.sdk/test_net/Debug/test_net.elf' is downloaded to processor 'design_1_i_microblaze_0'.
17:46:40 INFO  : ----------------XSDB Script----------------
connect -url tcp:127.0.0.1:3121
configparams mdm-detect-bscan-mask 2
targets -set -nocase -filter {name =~ "microblaze*#0" && bscan=="USER2"  && jtag_cable_name =~ "Digilent Nexys4DDR 210292646181A"} -index 0
rst -processor
targets -set -nocase -filter {name =~ "microblaze*#0" && bscan=="USER2"  && jtag_cable_name =~ "Digilent Nexys4DDR 210292646181A"} -index 0
dow /home/oliver/Desktop/ece532/lab/lab/lab5_try2/lab5_try2.sdk/test_net/Debug/test_net.elf
----------------End of Script----------------

17:46:40 INFO  : Memory regions updated for context MicroBlaze #0
17:46:40 INFO  : Memory regions updated for context MicroBlaze #0
17:46:40 INFO  : Context for processor 'design_1_i_microblaze_0' is selected.
17:46:40 INFO  : 'con' command is executed.
17:46:40 INFO  : ----------------XSDB Script (After Launch)----------------
targets -set -nocase -filter {name =~ "microblaze*#0" && bscan=="USER2"  && jtag_cable_name =~ "Digilent Nexys4DDR 210292646181A"} -index 0
con
----------------End of Script----------------

17:46:40 INFO  : Launch script is exported to file '/home/oliver/Desktop/ece532/lab/lab/lab5_try2/lab5_try2.sdk/.sdk/launch_scripts/xilinx_c-c++_application_(system_debugger)/system_debugger_on_local.tcl'
17:50:05 INFO  : Disconnected from the channel tcfchan#6.
17:50:09 ERROR : no targets found with "jtag_cable_name =~ "Digilent Nexys4DDR 210292646181A" && level==0". available targets:
  1  xc7a100t
     2  MicroBlaze Debug Module at USER2
        3* MicroBlaze #0 (Running)
     4  Legacy Debug Hub
17:50:16 INFO  : 'targets -set -filter {jtag_cable_name =~ "Digilent Nexys4DDR 210292646181A" && level==0} -index 0' command is executed.
17:50:16 INFO  : 'fpga -state' command is executed.
17:50:16 INFO  : Connected to target on host '127.0.0.1' and port '3121'.
17:50:16 INFO  : Jtag cable 'Digilent Nexys4DDR 210292646181A' is selected.
17:50:16 INFO  : 'jtag frequency' command is executed.
17:50:16 INFO  : 'configparams mdm-detect-bscan-mask 2' command is executed.
17:50:16 INFO  : Context for processor 'design_1_i_microblaze_0' is selected.
17:50:16 INFO  : Processor reset is completed for 'design_1_i_microblaze_0'.
17:50:16 INFO  : Context for processor 'design_1_i_microblaze_0' is selected.
17:50:17 INFO  : The application '/home/oliver/Desktop/ece532/lab/lab/lab5_try2/lab5_try2.sdk/test_net/Debug/test_net.elf' is downloaded to processor 'design_1_i_microblaze_0'.
17:50:17 INFO  : ----------------XSDB Script----------------
connect -url tcp:127.0.0.1:3121
configparams mdm-detect-bscan-mask 2
targets -set -nocase -filter {name =~ "microblaze*#0" && bscan=="USER2"  && jtag_cable_name =~ "Digilent Nexys4DDR 210292646181A"} -index 0
rst -processor
targets -set -nocase -filter {name =~ "microblaze*#0" && bscan=="USER2"  && jtag_cable_name =~ "Digilent Nexys4DDR 210292646181A"} -index 0
dow /home/oliver/Desktop/ece532/lab/lab/lab5_try2/lab5_try2.sdk/test_net/Debug/test_net.elf
----------------End of Script----------------

17:50:17 INFO  : Memory regions updated for context MicroBlaze #0
17:50:17 INFO  : Memory regions updated for context MicroBlaze #0
17:50:18 INFO  : Context for processor 'design_1_i_microblaze_0' is selected.
17:50:18 INFO  : 'con' command is executed.
17:50:18 INFO  : ----------------XSDB Script (After Launch)----------------
targets -set -nocase -filter {name =~ "microblaze*#0" && bscan=="USER2"  && jtag_cable_name =~ "Digilent Nexys4DDR 210292646181A"} -index 0
con
----------------End of Script----------------

17:50:18 INFO  : Launch script is exported to file '/home/oliver/Desktop/ece532/lab/lab/lab5_try2/lab5_try2.sdk/.sdk/launch_scripts/xilinx_c-c++_application_(system_debugger)/system_debugger_on_local.tcl'
17:57:33 INFO  : Disconnected from the channel tcfchan#7.
17:57:34 INFO  : 'targets -set -filter {jtag_cable_name =~ "Digilent Nexys4DDR 210292646181A" && level==0} -index 0' command is executed.
17:57:34 INFO  : 'fpga -state' command is executed.
17:57:34 INFO  : Connected to target on host '127.0.0.1' and port '3121'.
17:57:34 INFO  : Jtag cable 'Digilent Nexys4DDR 210292646181A' is selected.
17:57:34 INFO  : 'jtag frequency' command is executed.
17:57:34 INFO  : 'configparams mdm-detect-bscan-mask 2' command is executed.
17:57:34 INFO  : Context for processor 'design_1_i_microblaze_0' is selected.
17:57:34 INFO  : Processor reset is completed for 'design_1_i_microblaze_0'.
17:57:34 INFO  : Context for processor 'design_1_i_microblaze_0' is selected.
17:57:35 INFO  : The application '/home/oliver/Desktop/ece532/lab/lab/lab5_try2/lab5_try2.sdk/test_net/Debug/test_net.elf' is downloaded to processor 'design_1_i_microblaze_0'.
17:57:35 INFO  : ----------------XSDB Script----------------
connect -url tcp:127.0.0.1:3121
configparams mdm-detect-bscan-mask 2
targets -set -nocase -filter {name =~ "microblaze*#0" && bscan=="USER2"  && jtag_cable_name =~ "Digilent Nexys4DDR 210292646181A"} -index 0
rst -processor
targets -set -nocase -filter {name =~ "microblaze*#0" && bscan=="USER2"  && jtag_cable_name =~ "Digilent Nexys4DDR 210292646181A"} -index 0
dow /home/oliver/Desktop/ece532/lab/lab/lab5_try2/lab5_try2.sdk/test_net/Debug/test_net.elf
----------------End of Script----------------

17:57:35 INFO  : Memory regions updated for context MicroBlaze #0
17:57:35 INFO  : Memory regions updated for context MicroBlaze #0
17:57:35 INFO  : Context for processor 'design_1_i_microblaze_0' is selected.
17:57:35 INFO  : 'con' command is executed.
17:57:35 INFO  : ----------------XSDB Script (After Launch)----------------
targets -set -nocase -filter {name =~ "microblaze*#0" && bscan=="USER2"  && jtag_cable_name =~ "Digilent Nexys4DDR 210292646181A"} -index 0
con
----------------End of Script----------------

17:57:35 INFO  : Launch script is exported to file '/home/oliver/Desktop/ece532/lab/lab/lab5_try2/lab5_try2.sdk/.sdk/launch_scripts/xilinx_c-c++_application_(system_debugger)/system_debugger_on_local.tcl'
17:58:26 INFO  : Disconnected from the channel tcfchan#8.
17:58:30 ERROR : no targets found with "jtag_cable_name =~ "Digilent Nexys4DDR 210292646181A" && level==0". available targets:
  1  xc7a100t
     2  MicroBlaze Debug Module at USER2
        3* MicroBlaze #0 (Running)
     4  Legacy Debug Hub
17:58:38 INFO  : 'targets -set -filter {jtag_cable_name =~ "Digilent Nexys4DDR 210292646181A" && level==0} -index 0' command is executed.
17:58:38 INFO  : 'fpga -state' command is executed.
17:58:38 INFO  : Connected to target on host '127.0.0.1' and port '3121'.
17:58:39 INFO  : Jtag cable 'Digilent Nexys4DDR 210292646181A' is selected.
17:58:39 INFO  : 'jtag frequency' command is executed.
17:58:39 INFO  : 'configparams mdm-detect-bscan-mask 2' command is executed.
17:58:39 INFO  : Context for processor 'design_1_i_microblaze_0' is selected.
17:58:39 INFO  : Processor reset is completed for 'design_1_i_microblaze_0'.
17:58:39 INFO  : Context for processor 'design_1_i_microblaze_0' is selected.
17:58:40 INFO  : The application '/home/oliver/Desktop/ece532/lab/lab/lab5_try2/lab5_try2.sdk/test_net/Debug/test_net.elf' is downloaded to processor 'design_1_i_microblaze_0'.
17:58:40 INFO  : ----------------XSDB Script----------------
connect -url tcp:127.0.0.1:3121
configparams mdm-detect-bscan-mask 2
targets -set -nocase -filter {name =~ "microblaze*#0" && bscan=="USER2"  && jtag_cable_name =~ "Digilent Nexys4DDR 210292646181A"} -index 0
rst -processor
targets -set -nocase -filter {name =~ "microblaze*#0" && bscan=="USER2"  && jtag_cable_name =~ "Digilent Nexys4DDR 210292646181A"} -index 0
dow /home/oliver/Desktop/ece532/lab/lab/lab5_try2/lab5_try2.sdk/test_net/Debug/test_net.elf
----------------End of Script----------------

17:58:40 INFO  : Memory regions updated for context MicroBlaze #0
17:58:40 INFO  : Memory regions updated for context MicroBlaze #0
17:58:40 INFO  : Context for processor 'design_1_i_microblaze_0' is selected.
17:58:40 INFO  : 'con' command is executed.
17:58:40 INFO  : ----------------XSDB Script (After Launch)----------------
targets -set -nocase -filter {name =~ "microblaze*#0" && bscan=="USER2"  && jtag_cable_name =~ "Digilent Nexys4DDR 210292646181A"} -index 0
con
----------------End of Script----------------

17:58:40 INFO  : Launch script is exported to file '/home/oliver/Desktop/ece532/lab/lab/lab5_try2/lab5_try2.sdk/.sdk/launch_scripts/xilinx_c-c++_application_(system_debugger)/system_debugger_on_local.tcl'
17:59:33 INFO  : Disconnected from the channel tcfchan#9.
17:59:34 INFO  : 'targets -set -filter {jtag_cable_name =~ "Digilent Nexys4DDR 210292646181A" && level==0} -index 0' command is executed.
17:59:34 INFO  : 'fpga -state' command is executed.
17:59:34 INFO  : Connected to target on host '127.0.0.1' and port '3121'.
17:59:34 INFO  : Jtag cable 'Digilent Nexys4DDR 210292646181A' is selected.
17:59:34 INFO  : 'jtag frequency' command is executed.
17:59:34 INFO  : 'configparams mdm-detect-bscan-mask 2' command is executed.
17:59:34 INFO  : Context for processor 'design_1_i_microblaze_0' is selected.
17:59:34 INFO  : Processor reset is completed for 'design_1_i_microblaze_0'.
17:59:34 INFO  : Context for processor 'design_1_i_microblaze_0' is selected.
17:59:36 INFO  : The application '/home/oliver/Desktop/ece532/lab/lab/lab5_try2/lab5_try2.sdk/test_net/Debug/test_net.elf' is downloaded to processor 'design_1_i_microblaze_0'.
17:59:36 INFO  : ----------------XSDB Script----------------
connect -url tcp:127.0.0.1:3121
configparams mdm-detect-bscan-mask 2
targets -set -nocase -filter {name =~ "microblaze*#0" && bscan=="USER2"  && jtag_cable_name =~ "Digilent Nexys4DDR 210292646181A"} -index 0
rst -processor
targets -set -nocase -filter {name =~ "microblaze*#0" && bscan=="USER2"  && jtag_cable_name =~ "Digilent Nexys4DDR 210292646181A"} -index 0
dow /home/oliver/Desktop/ece532/lab/lab/lab5_try2/lab5_try2.sdk/test_net/Debug/test_net.elf
----------------End of Script----------------

17:59:36 INFO  : Memory regions updated for context MicroBlaze #0
17:59:36 INFO  : Memory regions updated for context MicroBlaze #0
17:59:36 INFO  : Context for processor 'design_1_i_microblaze_0' is selected.
17:59:36 INFO  : 'con' command is executed.
17:59:36 INFO  : ----------------XSDB Script (After Launch)----------------
targets -set -nocase -filter {name =~ "microblaze*#0" && bscan=="USER2"  && jtag_cable_name =~ "Digilent Nexys4DDR 210292646181A"} -index 0
con
----------------End of Script----------------

17:59:36 INFO  : Launch script is exported to file '/home/oliver/Desktop/ece532/lab/lab/lab5_try2/lab5_try2.sdk/.sdk/launch_scripts/xilinx_c-c++_application_(system_debugger)/system_debugger_on_local.tcl'
18:00:08 INFO  : Disconnected from the channel tcfchan#10.
18:00:12 ERROR : no targets found with "jtag_cable_name =~ "Digilent Nexys4DDR 210292646181A" && level==0". available targets:
  1  xc7a100t
     2  MicroBlaze Debug Module at USER2
        3* MicroBlaze #0 (Running)
     4  Legacy Debug Hub
18:00:20 INFO  : 'targets -set -filter {jtag_cable_name =~ "Digilent Nexys4DDR 210292646181A" && level==0} -index 0' command is executed.
18:00:20 INFO  : 'fpga -state' command is executed.
18:00:20 INFO  : Connected to target on host '127.0.0.1' and port '3121'.
18:00:20 INFO  : Jtag cable 'Digilent Nexys4DDR 210292646181A' is selected.
18:00:20 INFO  : 'jtag frequency' command is executed.
18:00:20 INFO  : 'configparams mdm-detect-bscan-mask 2' command is executed.
18:00:20 INFO  : Context for processor 'design_1_i_microblaze_0' is selected.
18:00:20 INFO  : Processor reset is completed for 'design_1_i_microblaze_0'.
18:00:20 INFO  : Context for processor 'design_1_i_microblaze_0' is selected.
18:00:21 INFO  : The application '/home/oliver/Desktop/ece532/lab/lab/lab5_try2/lab5_try2.sdk/test_net/Debug/test_net.elf' is downloaded to processor 'design_1_i_microblaze_0'.
18:00:21 INFO  : ----------------XSDB Script----------------
connect -url tcp:127.0.0.1:3121
configparams mdm-detect-bscan-mask 2
targets -set -nocase -filter {name =~ "microblaze*#0" && bscan=="USER2"  && jtag_cable_name =~ "Digilent Nexys4DDR 210292646181A"} -index 0
rst -processor
targets -set -nocase -filter {name =~ "microblaze*#0" && bscan=="USER2"  && jtag_cable_name =~ "Digilent Nexys4DDR 210292646181A"} -index 0
dow /home/oliver/Desktop/ece532/lab/lab/lab5_try2/lab5_try2.sdk/test_net/Debug/test_net.elf
----------------End of Script----------------

18:00:21 INFO  : Memory regions updated for context MicroBlaze #0
18:00:21 INFO  : Memory regions updated for context MicroBlaze #0
18:00:21 INFO  : Context for processor 'design_1_i_microblaze_0' is selected.
18:00:21 INFO  : 'con' command is executed.
18:00:21 INFO  : ----------------XSDB Script (After Launch)----------------
targets -set -nocase -filter {name =~ "microblaze*#0" && bscan=="USER2"  && jtag_cable_name =~ "Digilent Nexys4DDR 210292646181A"} -index 0
con
----------------End of Script----------------

18:00:21 INFO  : Launch script is exported to file '/home/oliver/Desktop/ece532/lab/lab/lab5_try2/lab5_try2.sdk/.sdk/launch_scripts/xilinx_c-c++_application_(system_debugger)/system_debugger_on_local.tcl'
18:07:30 INFO  : Disconnected from the channel tcfchan#11.
16:08:10 INFO  : Registering command handlers for SDK TCF services
16:08:11 INFO  : Launching XSCT server: xsct -n -interactive /home/oliver/Desktop/ece532/lab/lab/lab5_try2/lab5_try2.sdk/temp_xsdb_launch_script.tcl
16:08:13 INFO  : XSCT server has started successfully.
16:08:13 INFO  : Successfully done setting XSCT server connection channel  
16:08:14 INFO  : Successfully done setting SDK workspace  
16:08:14 INFO  : Processing command line option -hwspec /home/oliver/Desktop/ece532/lab/lab/lab5_try2/lab5_try2.sdk/mytop.hdf.
16:08:14 INFO  : Checking for hwspec changes in the project mytop_hw_platform_0.
16:08:19 INFO  : SDK has detected change in the last modified timestamps for source hardware specification file Source:1585511310000,  Project:1584998940000
16:08:19 INFO  : The hardware specification for project 'mytop_hw_platform_0' is different from /home/oliver/Desktop/ece532/lab/lab/lab5_try2/lab5_try2.sdk/mytop.hdf.
16:08:19 INFO  : Copied contents of /home/oliver/Desktop/ece532/lab/lab/lab5_try2/lab5_try2.sdk/mytop.hdf into /mytop_hw_platform_0/system.hdf.
16:08:26 INFO  : Synchronizing projects in the workspace with the hardware platform specification changes.
16:08:27 INFO  : 
16:08:28 INFO  : Updating hardware inferred compiler options for test_net.
16:08:28 INFO  : Clearing existing target manager status.
16:08:28 INFO  : Workspace synchronized with the new hardware specification file. Cleaning dependent projects...
16:08:30 WARN  : Linker script will not be updated automatically. Users need to update it manually.
16:09:36 INFO  : 'targets -set -filter {jtag_cable_name =~ "Digilent Nexys4DDR 210292646181A" && level==0} -index 0' command is executed.
16:09:36 INFO  : 'fpga -state' command is executed.
16:09:36 INFO  : Connected to target on host '127.0.0.1' and port '3121'.
16:09:36 INFO  : Jtag cable 'Digilent Nexys4DDR 210292646181A' is selected.
16:09:36 INFO  : 'jtag frequency' command is executed.
16:09:36 INFO  : 'configparams mdm-detect-bscan-mask 2' command is executed.
16:09:36 INFO  : Context for processor 'design_1_i_microblaze_0' is selected.
16:09:36 INFO  : Processor reset is completed for 'design_1_i_microblaze_0'.
16:09:37 INFO  : Context for processor 'design_1_i_microblaze_0' is selected.
16:09:38 INFO  : The application '/home/oliver/Desktop/ece532/lab/lab/lab5_try2/lab5_try2.sdk/test_net/Debug/test_net.elf' is downloaded to processor 'design_1_i_microblaze_0'.
16:09:38 INFO  : ----------------XSDB Script----------------
connect -url tcp:127.0.0.1:3121
configparams mdm-detect-bscan-mask 2
targets -set -nocase -filter {name =~ "microblaze*#0" && bscan=="USER2"  && jtag_cable_name =~ "Digilent Nexys4DDR 210292646181A"} -index 0
rst -processor
targets -set -nocase -filter {name =~ "microblaze*#0" && bscan=="USER2"  && jtag_cable_name =~ "Digilent Nexys4DDR 210292646181A"} -index 0
dow /home/oliver/Desktop/ece532/lab/lab/lab5_try2/lab5_try2.sdk/test_net/Debug/test_net.elf
----------------End of Script----------------

16:09:38 INFO  : Memory regions updated for context MicroBlaze #0
16:09:38 INFO  : Memory regions updated for context MicroBlaze #0
16:09:38 INFO  : Context for processor 'design_1_i_microblaze_0' is selected.
16:09:38 INFO  : 'con' command is executed.
16:09:38 INFO  : ----------------XSDB Script (After Launch)----------------
targets -set -nocase -filter {name =~ "microblaze*#0" && bscan=="USER2"  && jtag_cable_name =~ "Digilent Nexys4DDR 210292646181A"} -index 0
con
----------------End of Script----------------

16:09:38 INFO  : Launch script is exported to file '/home/oliver/Desktop/ece532/lab/lab/lab5_try2/lab5_try2.sdk/.sdk/launch_scripts/xilinx_c-c++_application_(system_debugger)/system_debugger_on_local.tcl'
16:09:56 INFO  : Disconnected from the channel tcfchan#1.
16:09:57 INFO  : 'targets -set -filter {jtag_cable_name =~ "Digilent Nexys4DDR 210292646181A" && level==0} -index 0' command is executed.
16:09:57 INFO  : 'fpga -state' command is executed.
16:09:57 INFO  : Connected to target on host '127.0.0.1' and port '3121'.
16:09:57 INFO  : Jtag cable 'Digilent Nexys4DDR 210292646181A' is selected.
16:09:57 INFO  : 'jtag frequency' command is executed.
16:09:57 INFO  : 'configparams mdm-detect-bscan-mask 2' command is executed.
16:09:57 INFO  : Context for processor 'design_1_i_microblaze_0' is selected.
16:09:57 INFO  : Processor reset is completed for 'design_1_i_microblaze_0'.
16:09:57 INFO  : Context for processor 'design_1_i_microblaze_0' is selected.
16:09:58 INFO  : The application '/home/oliver/Desktop/ece532/lab/lab/lab5_try2/lab5_try2.sdk/test_net/Debug/test_net.elf' is downloaded to processor 'design_1_i_microblaze_0'.
16:09:58 INFO  : ----------------XSDB Script----------------
connect -url tcp:127.0.0.1:3121
configparams mdm-detect-bscan-mask 2
targets -set -nocase -filter {name =~ "microblaze*#0" && bscan=="USER2"  && jtag_cable_name =~ "Digilent Nexys4DDR 210292646181A"} -index 0
rst -processor
targets -set -nocase -filter {name =~ "microblaze*#0" && bscan=="USER2"  && jtag_cable_name =~ "Digilent Nexys4DDR 210292646181A"} -index 0
dow /home/oliver/Desktop/ece532/lab/lab/lab5_try2/lab5_try2.sdk/test_net/Debug/test_net.elf
----------------End of Script----------------

16:09:58 INFO  : Memory regions updated for context MicroBlaze #0
16:09:58 INFO  : Memory regions updated for context MicroBlaze #0
16:09:58 INFO  : Context for processor 'design_1_i_microblaze_0' is selected.
16:09:58 INFO  : 'con' command is executed.
16:09:58 INFO  : ----------------XSDB Script (After Launch)----------------
targets -set -nocase -filter {name =~ "microblaze*#0" && bscan=="USER2"  && jtag_cable_name =~ "Digilent Nexys4DDR 210292646181A"} -index 0
con
----------------End of Script----------------

16:09:58 INFO  : Launch script is exported to file '/home/oliver/Desktop/ece532/lab/lab/lab5_try2/lab5_try2.sdk/.sdk/launch_scripts/xilinx_c-c++_application_(system_debugger)/system_debugger_on_local.tcl'
16:31:04 INFO  : Disconnected from the channel tcfchan#2.
16:31:12 INFO  : 'targets -set -filter {jtag_cable_name =~ "Digilent Nexys4DDR 210292646181A" && level==0} -index 0' command is executed.
16:31:12 INFO  : 'fpga -state' command is executed.
16:31:12 INFO  : Connected to target on host '127.0.0.1' and port '3121'.
16:31:12 INFO  : Jtag cable 'Digilent Nexys4DDR 210292646181A' is selected.
16:31:12 INFO  : 'jtag frequency' command is executed.
16:31:12 INFO  : 'configparams mdm-detect-bscan-mask 2' command is executed.
16:31:12 INFO  : Context for processor 'design_1_i_microblaze_0' is selected.
16:31:12 INFO  : Processor reset is completed for 'design_1_i_microblaze_0'.
16:31:12 INFO  : Context for processor 'design_1_i_microblaze_0' is selected.
16:31:13 INFO  : The application '/home/oliver/Desktop/ece532/lab/lab/lab5_try2/lab5_try2.sdk/test_net/Debug/test_net.elf' is downloaded to processor 'design_1_i_microblaze_0'.
16:31:13 INFO  : ----------------XSDB Script----------------
connect -url tcp:127.0.0.1:3121
configparams mdm-detect-bscan-mask 2
targets -set -nocase -filter {name =~ "microblaze*#0" && bscan=="USER2"  && jtag_cable_name =~ "Digilent Nexys4DDR 210292646181A"} -index 0
rst -processor
targets -set -nocase -filter {name =~ "microblaze*#0" && bscan=="USER2"  && jtag_cable_name =~ "Digilent Nexys4DDR 210292646181A"} -index 0
dow /home/oliver/Desktop/ece532/lab/lab/lab5_try2/lab5_try2.sdk/test_net/Debug/test_net.elf
----------------End of Script----------------

16:31:13 INFO  : Memory regions updated for context MicroBlaze #0
16:31:13 INFO  : Memory regions updated for context MicroBlaze #0
16:31:13 INFO  : Context for processor 'design_1_i_microblaze_0' is selected.
16:31:13 INFO  : 'con' command is executed.
16:31:13 INFO  : ----------------XSDB Script (After Launch)----------------
targets -set -nocase -filter {name =~ "microblaze*#0" && bscan=="USER2"  && jtag_cable_name =~ "Digilent Nexys4DDR 210292646181A"} -index 0
con
----------------End of Script----------------

16:31:13 INFO  : Launch script is exported to file '/home/oliver/Desktop/ece532/lab/lab/lab5_try2/lab5_try2.sdk/.sdk/launch_scripts/xilinx_c-c++_application_(system_debugger)/system_debugger_on_local.tcl'
16:53:28 INFO  : Disconnected from the channel tcfchan#3.
16:53:29 INFO  : 'targets -set -filter {jtag_cable_name =~ "Digilent Nexys4DDR 210292646181A" && level==0} -index 0' command is executed.
16:53:29 INFO  : 'fpga -state' command is executed.
16:53:29 INFO  : Connected to target on host '127.0.0.1' and port '3121'.
16:53:29 INFO  : Jtag cable 'Digilent Nexys4DDR 210292646181A' is selected.
16:53:29 INFO  : 'jtag frequency' command is executed.
16:53:29 INFO  : 'configparams mdm-detect-bscan-mask 2' command is executed.
16:53:29 INFO  : Context for processor 'design_1_i_microblaze_0' is selected.
16:53:29 INFO  : Processor reset is completed for 'design_1_i_microblaze_0'.
16:53:29 INFO  : Context for processor 'design_1_i_microblaze_0' is selected.
16:53:30 INFO  : The application '/home/oliver/Desktop/ece532/lab/lab/lab5_try2/lab5_try2.sdk/test_net/Debug/test_net.elf' is downloaded to processor 'design_1_i_microblaze_0'.
16:53:30 INFO  : ----------------XSDB Script----------------
connect -url tcp:127.0.0.1:3121
configparams mdm-detect-bscan-mask 2
targets -set -nocase -filter {name =~ "microblaze*#0" && bscan=="USER2"  && jtag_cable_name =~ "Digilent Nexys4DDR 210292646181A"} -index 0
rst -processor
targets -set -nocase -filter {name =~ "microblaze*#0" && bscan=="USER2"  && jtag_cable_name =~ "Digilent Nexys4DDR 210292646181A"} -index 0
dow /home/oliver/Desktop/ece532/lab/lab/lab5_try2/lab5_try2.sdk/test_net/Debug/test_net.elf
----------------End of Script----------------

16:53:30 INFO  : Memory regions updated for context MicroBlaze #0
16:53:30 INFO  : Memory regions updated for context MicroBlaze #0
16:53:30 INFO  : Context for processor 'design_1_i_microblaze_0' is selected.
16:53:30 INFO  : 'con' command is executed.
16:53:30 INFO  : ----------------XSDB Script (After Launch)----------------
targets -set -nocase -filter {name =~ "microblaze*#0" && bscan=="USER2"  && jtag_cable_name =~ "Digilent Nexys4DDR 210292646181A"} -index 0
con
----------------End of Script----------------

16:53:30 INFO  : Launch script is exported to file '/home/oliver/Desktop/ece532/lab/lab/lab5_try2/lab5_try2.sdk/.sdk/launch_scripts/xilinx_c-c++_application_(system_debugger)/system_debugger_on_local.tcl'
17:30:59 INFO  : Disconnected from the channel tcfchan#4.
17:37:42 INFO  : Registering command handlers for SDK TCF services
17:37:43 INFO  : Launching XSCT server: xsct -n -interactive /home/oliver/Desktop/ece532/lab/lab/lab5_try2/lab5_try2.sdk/temp_xsdb_launch_script.tcl
17:37:45 INFO  : XSCT server has started successfully.
17:37:45 INFO  : Successfully done setting XSCT server connection channel  
17:37:45 INFO  : Successfully done setting SDK workspace  
17:37:45 INFO  : Processing command line option -hwspec /home/oliver/Desktop/ece532/lab/lab/lab5_try2/lab5_try2.sdk/mytop.hdf.
17:37:46 INFO  : Checking for hwspec changes in the project mytop_hw_platform_0.
17:37:59 INFO  : 'targets -set -filter {jtag_cable_name =~ "Digilent Nexys4DDR 210292646181A" && level==0} -index 0' command is executed.
17:37:59 INFO  : 'fpga -state' command is executed.
17:37:59 INFO  : Connected to target on host '127.0.0.1' and port '3121'.
17:37:59 INFO  : Jtag cable 'Digilent Nexys4DDR 210292646181A' is selected.
17:37:59 INFO  : 'jtag frequency' command is executed.
17:37:59 INFO  : 'configparams mdm-detect-bscan-mask 2' command is executed.
17:37:59 INFO  : Context for processor 'design_1_i_microblaze_0' is selected.
17:37:59 INFO  : Processor reset is completed for 'design_1_i_microblaze_0'.
17:37:59 INFO  : Context for processor 'design_1_i_microblaze_0' is selected.
17:38:00 INFO  : The application '/home/oliver/Desktop/ece532/lab/lab/lab5_try2/lab5_try2.sdk/test_net/Debug/test_net.elf' is downloaded to processor 'design_1_i_microblaze_0'.
17:38:00 INFO  : ----------------XSDB Script----------------
connect -url tcp:127.0.0.1:3121
configparams mdm-detect-bscan-mask 2
targets -set -nocase -filter {name =~ "microblaze*#0" && bscan=="USER2"  && jtag_cable_name =~ "Digilent Nexys4DDR 210292646181A"} -index 0
rst -processor
targets -set -nocase -filter {name =~ "microblaze*#0" && bscan=="USER2"  && jtag_cable_name =~ "Digilent Nexys4DDR 210292646181A"} -index 0
dow /home/oliver/Desktop/ece532/lab/lab/lab5_try2/lab5_try2.sdk/test_net/Debug/test_net.elf
----------------End of Script----------------

17:38:00 INFO  : Memory regions updated for context MicroBlaze #0
17:38:00 INFO  : Memory regions updated for context MicroBlaze #0
17:38:00 INFO  : Context for processor 'design_1_i_microblaze_0' is selected.
17:38:00 INFO  : 'con' command is executed.
17:38:00 INFO  : ----------------XSDB Script (After Launch)----------------
targets -set -nocase -filter {name =~ "microblaze*#0" && bscan=="USER2"  && jtag_cable_name =~ "Digilent Nexys4DDR 210292646181A"} -index 0
con
----------------End of Script----------------

17:38:00 INFO  : Launch script is exported to file '/home/oliver/Desktop/ece532/lab/lab/lab5_try2/lab5_try2.sdk/.sdk/launch_scripts/xilinx_c-c++_application_(system_debugger)/system_debugger_on_local.tcl'
17:48:59 INFO  : Disconnected from the channel tcfchan#1.
16:47:47 INFO  : Registering command handlers for SDK TCF services
16:47:48 INFO  : Launching XSCT server: xsct -n -interactive /home/oliver/Desktop/ece532/lab/lab/lab5_try2/lab5_try2.sdk/temp_xsdb_launch_script.tcl
16:47:51 INFO  : XSCT server has started successfully.
16:47:52 INFO  : Successfully done setting XSCT server connection channel  
16:47:52 INFO  : Processing command line option -hwspec /home/oliver/Desktop/ece532/lab/lab/lab5_try2/lab5_try2.sdk/mytop.hdf.
16:47:52 INFO  : Successfully done setting SDK workspace  
16:47:52 INFO  : Checking for hwspec changes in the project mytop_hw_platform_0.
17:32:23 INFO  : Registering command handlers for SDK TCF services
17:32:24 INFO  : Launching XSCT server: xsct -n -interactive /home/oliver/Desktop/ece532/lab/lab/lab5_try2/lab5_try2.sdk/temp_xsdb_launch_script.tcl
17:32:26 INFO  : XSCT server has started successfully.
17:32:26 INFO  : Successfully done setting XSCT server connection channel  
17:32:27 INFO  : Successfully done setting SDK workspace  
17:32:27 INFO  : Processing command line option -hwspec /home/oliver/Desktop/ece532/lab/lab/lab5_try2/lab5_try2.sdk/mytop.hdf.
17:32:27 INFO  : Checking for hwspec changes in the project mytop_hw_platform_0.
